This is LuaHBTeX, Version 1.13.2 (TeX Live 2021/Arch Linux)  (format=lualatex 2022.1.9)  4 APR 2022 19:43
 restricted system commands enabled.
**HP1_OldMss.tex
(./HP1_OldMss.tex
LaTeX2e <2021-11-15> patch level 1
Lua module: luaotfload 2021-05-21 3.18 Lua based OpenType font support
Lua module: lualibs 2021-05-20 2.74 ConTeXt Lua standard libraries.
Lua module: lualibs-extended 2021-05-20 2.74 ConTeXt Lua libraries -- extended c
ollection.
luaotfload | conf : Root cache directory is "/home/sahibram/.texlive/texmf-var/l
uatex-cache/generic/names".
luaotfload | init : Loading fontloader "fontloader-2021-05-20.lua" from kpse-res
olved path "/usr/share/texmf-dist/tex/luatex/luaotfload/fontloader-2021-05-20.lu
a".
Lua-only attribute luaotfload@noligature = 1
Lua-only attribute luaotfload@syllabe = 2
luaotfload | init : Context OpenType loader version 3.116
Inserting `luaotfload.node_processor' at position 1 in `pre_linebreak_filter'.
Inserting `luaotfload.node_processor' at position 1 in `hpack_filter'.
Inserting `luaotfload.glyph_stream' at position 1 in `glyph_stream_provider'.
Inserting `luaotfload.define_font' at position 1 in `define_font'.
Lua-only attribute luaotfload_color_attribute = 3
luaotfload | conf : Root cache directory is "/home/sahibram/.texlive/texmf-var/l
uatex-cache/generic/names".
Inserting `luaotfload.harf.strip_prefix' at position 1 in `find_opentype_file'.
Inserting `luaotfload.harf.strip_prefix' at position 1 in `find_truetype_file'.
Inserting `luaotfload.harf.finalize_vlist' at position 1 in `post_linebreak_filt
er'.
Inserting `luaotfload.harf.finalize_hlist' at position 2 in `hpack_filter'.
Inserting `luaotfload.cleanup_files' at position 1 in `wrapup_run'.
Inserting `luaotfload.harf.finalize_unicode' at position 1 in `finish_pdffile'.
Inserting `luaotfload.glyphinfo' at position 1 in `glyph_info'.
Lua-only attribute luaotfload.letterspace_done = 4
Inserting `luaotfload.aux.set_sscale_dimens' at position 1 in `luaotfload.patch_
font'.
Inserting `luaotfload.aux.set_font_index' at position 2 in `luaotfload.patch_fon
t'.
Inserting `luaotfload.aux.patch_cambria_domh' at position 3 in `luaotfload.patch
_font'.
Inserting `luaotfload.aux.fixup_fontdata' at position 1 in `luaotfload.patch_fon
t_unsafe'.
Inserting `luaotfload.aux.set_capheight' at position 4 in `luaotfload.patch_font
'.
Inserting `luaotfload.aux.set_xheight' at position 5 in `luaotfload.patch_font'.
Inserting `luaotfload.rewrite_fontname' at position 6 in `luaotfload.patch_font'
. L3 programming layer <2021-11-22>
Inserting `tracingstacklevels' at position 1 in `input_level_string'. (./Preamb
le-Print.tex
(/usr/share/texmf-dist/tex/latex/memoir/memoir.cls
Document Class: memoir 2021/06/16 v3.7p configurable book, report, article docu
ment class
\onelineskip=\skip47
\lxvchars=\skip48
\xlvchars=\skip49
\@memcnta=\count181
\c@@memmarkcntra=\count182
(/usr/share/texmf-dist/tex/generic/iftex/iftex.sty
Package: iftex 2020/03/06 v1.0d TeX engine tests
)
\stockheight=\skip50
\stockwidth=\skip51
\trimtop=\skip52
\trimedge=\skip53

(/usr/share/texmf-dist/tex/latex/memoir/mem10.clo
File: mem10.clo 2008/01/30 v0.3 memoir class 10pt size option
luaotfload | db : Font names database loaded from /home/sahibram/.texlive/texmf-
var/luatex-cache/generic/names/luaotfload-names.luc)
\binding=\skip54
\spinemargin=\skip55
\foremargin=\skip56
\uppermargin=\skip57
\lowermargin=\skip58
\headdrop=\skip59
\normalrulethickness=\skip60
\mem@maxheadheight=\skip61
\mem@maxfootheight=\skip62
\headwidth=\skip63
\c@storedpagenumber=\count183
\memPD=\dimen137
\m@mabparskip=\skip64
\thanksmarkwidth=\skip65
\thanksmarksep=\skip66
\droptitle=\skip67
\c@book=\count184
\c@part=\count185
\c@chapter=\count186
\c@section=\count187
\c@subsection=\count188
\c@subsubsection=\count189
\c@paragraph=\count190
\c@subparagraph=\count191
\beforechapskip=\skip68
\midchapskip=\skip69
\afterchapskip=\skip70
\chapindent=\skip71
\bottomsectionskip=\skip72
\secindent=\skip73
\beforesecskip=\skip74
\aftersecskip=\skip75
\subsecindent=\skip76
\beforesubsecskip=\skip77
\aftersubsecskip=\skip78
\subsubsecindent=\skip79
\beforesubsubsecskip=\skip80
\aftersubsubsecskip=\skip81
\paraindent=\skip82
\beforeparaskip=\skip83
\afterparaskip=\skip84
\subparaindent=\skip85
\beforesubparaskip=\skip86
\aftersubparaskip=\skip87
\pfbreakskip=\skip88
\c@@ppsavesec=\count192
\c@@ppsaveapp=\count193
\ragrparindent=\dimen138
\everylistparindent=\dimen139
\parsepi=\skip89
\topsepi=\skip90
\itemsepi=\skip91
\parsepii=\skip92
\topsepii=\skip93
\topsepiii=\skip94
\itemsepii=\skip95
\itemsepiii=\skip96
\partopsepii=\skip97
\partopsepiii=\skip98
\m@msavetopsep=\skip99
\m@msavepartopsep=\skip100
\@enLab=\toks16
\abstitleskip=\skip101
\absleftindent=\skip102
\abs@leftindent=\dimen140
\absrightindent=\skip103
\absparindent=\skip104
\absparsep=\skip105
\c@vslineno=\count194
\c@poemline=\count195
\c@modulo@vs=\count196
\c@memfvsline=\count197
\vleftskip=\skip106
\vrightskip=\skip107
\stanzaskip=\skip108
\versewidth=\skip109
\vgap=\skip110
\vindent=\skip111
\vleftmargin=\dimen141
\c@verse=\count198
\c@chrsinstr=\count199
\beforepoemtitleskip=\skip112
\afterpoemtitleskip=\skip113
\c@poem=\count266
\beforePoemTitleskip=\skip114
\midPoemTitleskip=\skip115
\afterPoemTitleskip=\skip116

(/usr/share/texmf-dist/tex/latex/tools/array.sty
Package: array 2021/10/04 v2.5f Tabular extension package (FMi)
\col@sep=\dimen142
\ar@mcellbox=\box50
\extrarowheight=\dimen143
\NC@list=\toks17
\extratabsurround=\skip117
\backup@length=\skip118
\ar@cellbox=\box51
)
(/usr/share/texmf-dist/tex/latex/tools/dcolumn.sty
Package: dcolumn 2014/10/28 v1.06 decimal alignment package (DPC)
)
(/usr/share/texmf-dist/tex/latex/tools/delarray.sty
Package: delarray 2014/10/28 v1.01 array delimiter package (DPC)
)
(/usr/share/texmf-dist/tex/latex/tools/tabularx.sty
Package: tabularx 2020/01/15 v2.11c `tabularx' package (DPC)
\TX@col@width=\dimen144
\TX@old@table=\dimen145
\TX@old@col=\dimen146
\TX@target=\dimen147
\TX@delta=\dimen148
\TX@cols=\count267
\TX@ftn=\toks18
)
\heavyrulewidth=\dimen149
\lightrulewidth=\dimen150
\cmidrulewidth=\dimen151
\belowrulesep=\dimen152
\belowbottomsep=\dimen153
\aboverulesep=\dimen154
\abovetopsep=\dimen155
\cmidrulesep=\dimen156
\cmidrulekern=\dimen157
\defaultaddspace=\dimen158
\@cmidla=\count268
\@cmidlb=\count269
\@aboverulesep=\dimen159
\@belowrulesep=\dimen160
\@thisruleclass=\count270
\@lastruleclass=\count271
\@thisrulewidth=\dimen161
\ctableftskip=\skip119
\ctabrightskip=\skip120
\abovecolumnspenalty=\count272
\@linestogo=\count273
\@cellstogo=\count274
\@cellsincolumn=\count275
\crtok=\toks19
\@mincolumnwidth=\dimen162
\c@newflo@tctr=\count276
\mem@margin@floatbox=\box52
\@contcwidth=\skip121
\@contindw=\skip122
\abovecaptionskip=\skip123
\belowcaptionskip=\skip124
\subfloattopskip=\skip125
\subfloatcapskip=\skip126
\subfloatcaptopadj=\skip127
\subfloatbottomskip=\skip128
\subfloatlabelskip=\skip129
\subfloatcapmargin=\dimen163
\c@@contsubnum=\count277
\m@mscap@capbox=\box53
\m@mscap@fbox=\box54
\sidecapsep=\dimen164
\sidecapwidth=\dimen165
\m@m@tempdima=\dimen166
\m@mscapraise=\dimen167
\sidecapraise=\dimen168
\m@mscapmainwidth=\dimen169
\m@mscaplkern=\dimen170
\beforeepigraphskip=\skip130
\afterepigraphskip=\skip131
\epigraphwidth=\skip132
\epigraphrule=\skip133
LaTeX Info: Redefining \em on input line 7654.
LaTeX Info: Redefining \emph on input line 7662.
\tocentryskip=\skip134
\tocbaseline=\skip135
\cftparskip=\skip136
\cftbeforebookskip=\skip137
\cftbookindent=\dimen171
\cftbooknumwidth=\dimen172
\cftbeforepartskip=\skip138
\cftpartindent=\skip139
\cftpartnumwidth=\skip140
\cftbeforechapterskip=\skip141
\cftchapterindent=\skip142
\cftchapternumwidth=\skip143
\cftbeforesectionskip=\skip144
\cftsectionindent=\skip145
\cftsectionnumwidth=\skip146
\cftbeforesubsectionskip=\skip147
\cftsubsectionindent=\skip148
\cftsubsectionnumwidth=\skip149
\cftbeforesubsubsectionskip=\skip150
\cftsubsubsectionindent=\skip151
\cftsubsubsectionnumwidth=\skip152
\cftbeforeparagraphskip=\skip153
\cftparagraphindent=\skip154
\cftparagraphnumwidth=\skip155
\cftbeforesubparagraphskip=\skip156
\cftsubparagraphindent=\skip157
\cftsubparagraphnumwidth=\skip158
\prechapterprecisshift=\dimen173
\c@maxsecnumdepth=\count278
\bibindent=\dimen174
\bibitemsep=\skip159
\indexcolsep=\skip160
\indexrule=\skip161
\indexmarkstyle=\toks20
\@indexbox=\insert252
\glossarycolsep=\dimen175
\glossaryrule=\dimen176
\sideparvshift=\skip162
\sideins=\insert251
\sidebartopsep=\skip163
\sidebarhsep=\skip164
\sidebarvsep=\skip165
\sidebarwidth=\skip166
\footmarkwidth=\skip167
\footmarksep=\skip168
\footparindent=\skip169
\footinsdim=\skip170
\footinsv@r=\insert250
\@mpfootinsv@r=\insert249
\m@m@k=\count279
\m@m@h=\dimen177
\m@mipn@skip=\skip171
\sidefootins=\insert248
\sidefootadjust=\skip172
\sidefootheight=\skip173
\sidefoothsep=\skip174
\sidefootvsep=\skip175
\sidefootwidth=\skip176
\m@mdownsf=\skip177
\c@sidefootnote=\count280
\sidefootmarkwidth=\skip178
\sidefootmarksep=\skip179
\sidefootparindent=\skip180
\c@pagenote=\count281
\c@pagenoteshadow=\count282
\mem@pn@lastkern=\skip181
\every@verbatim=\toks21
\afterevery@verbatim=\toks22
\verbatim@line=\toks23
\tab@position=\count283
\verbatim@in@stream=\read2
\verbatimindent=\skip182
\verbatim@out=\write3
\bvboxsep=\skip183
\c@memfbvline=\count284
\c@bvlinectr=\count285
\bvnumlength=\skip184
\fb@frw=\dimen178
\fb@frh=\dimen179
\FrameRule=\dimen180
\FrameSep=\dimen181


LaTeX hooks Warning: Generic hook 'package/before/framed' is deprecated.
(hooks)              Use hook 'package/framed/before' instead.

\c@cp@cntr=\count286
\c@ism@mctr=\count287
\c@xsm@mctr=\count288
\c@csm@mctr=\count289
\c@ksm@mctr=\count290
\c@xksm@mctr=\count291
\c@cksm@mctr=\count292
\c@msm@mctr=\count293
\c@xmsm@mctr=\count294
\c@cmsm@mctr=\count295
\c@bsm@mctr=\count296
\c@workm@mctr=\count297
\c@sheetsequence=\count298
\c@lastsheet=\count299
\c@lastpage=\count300
(/usr/share/texmf-dist/tex/latex/textcase/textcase.sty
Package: textcase 2019/09/14 v1.00 Text only upper/lower case changing (DPC)
)
\c@figure=\count301
\c@lofdepth=\count302
\cftbeforefigureskip=\skip185
\cftfigureindent=\skip186
\cftfigurenumwidth=\skip187
\c@table=\count303
\c@lotdepth=\count304
\cftbeforetableskip=\skip188
\cfttableindent=\skip189
\cfttablenumwidth=\skip190
Package abstract [2008/07/23] emulated by memoir.
Package appendix [2008/07/23] emulated by memoir.
Package booktabs [2016/05/16] emulated by memoir.
Package ccaption [2008/07/23] emulated by memoir.
Package changepage [2008/07/23] emulated by memoir.
Package chngcntr [2008/07/23] emulated by memoir.
Package chngpage [2008/07/23] emulated by memoir.
Package crop emulated by memoir.
Package enumerate [2008/07/23] emulated by memoir.
Package epigraph [2008/07/23] emulated by memoir.
Package ifmtarg [2008/07/23] emulated by memoir.
Package index [2008/07/23] emulated by memoir.
Package makeidx [2008/07/23] emulated by memoir.
Package moreverb [2008/07/23] emulated by memoir.
Package needspace [2008/07/23] emulated by memoir.
Package newfile [2008/07/23] emulated by memoir.
Package nextpage [2008/07/23] emulated by memoir.
Package pagenote [2008/07/23] emulated by memoir.
Package parskip [2008/07/23] emulated by memoir.
Package patchcmd [2008/07/23] emulated by memoir.
Package setspace [2008/07/23] emulated by memoir.
Package shortvrb [2008/07/23] emulated by memoir.
Package showidx [2008/07/23] emulated by memoir.
Package titleref [2008/07/23] emulated by memoir.
Package titling [2008/07/23] emulated by memoir.
Package tocbibind [2008/07/23] emulated by memoir.
Package tocloft [2008/07/23] emulated by memoir.
Package tocvsec2 [2008/07/23] emulated by memoir.
Package verbatim [2008/07/23] emulated by memoir.
Package verse [2008/07/23] emulated by memoir.


LaTeX hooks Warning: Generic hook 'package/before/float' is deprecated.
(hooks)              Use hook 'package/float/before' instead.

)

******************************************************
Stock height and width: 625.96062pt by 441.01772pt
Top and edge trims: 0pt and 0pt
Page height and width: 625.96062pt by 441.01772pt
Text height and width: 478pt by 330pt
Spine and edge margins: 51.21495pt and 59.75081pt
Upper and lower margins: 64.682pt and 83.27861pt
Headheight and headsep: 12pt and 18.06749pt
Footskip: 25.29494pt
Columnsep and columnseprule: 10pt and 0pt
Marginparsep and marginparwidth: 7pt and 45.75081pt
Sidecapsep and sidecapwidth: 7pt and 128pt
Sidebarhsep and sidebarwidth: 7pt and 128pt
Sidebarvsep and sidebartopsep: 12pt and 0pt
Sidebarheight: 548.39996pt
Sidefoothsep and sidefootwidth: 7pt and 128pt
Sidefootvsep and sidefootheight: 12pt and 548.39996pt
******************************************************

(/usr/share/texmf-dist/tex/latex/yafoot/fnpos.sty
Package: fnpos 2018/09/03 v1.1 
) (./ekdosis.sty
Package: ekdosis 2022/01/17 v1.5-dev Typesetting TEI xml-compliant critical edi
tions

(/usr/share/texmf-dist/tex/generic/expkv-opt/expkv-opt.sty
Package: expkv-opt 2021-04-04 v0.2 parse class and package options with expkv

(/usr/share/texmf-dist/tex/latex/expkv/expkv.sty
(/usr/share/texmf-dist/tex/generic/expkv/expkv.tex
File: expkv.tex 2021-09-20 v1.9a an expandable key=val implementation
)
Package: expkv 2021-09-20 v1.9a an expandable key=val implementation
))
(/usr/share/texmf-dist/tex/latex/expkv-def/expkv-def.sty
(/usr/share/texmf-dist/tex/generic/expkv-def/expkv-def.tex
(/usr/share/texmf-dist/tex/generic/expkv/expkv.tex)
File: expkv-def.tex 2021-09-20 v0.8c a key-defining frontend for expkv
)
Package: expkv-def 2021-09-20 v0.8c a key-defining frontend for expkv
)
(/usr/share/texmf-dist/tex/lualatex/luacode/luacode.sty
Package: luacode 2012/01/23 v1.2a lua-in-tex helpers (mpg)

(/usr/share/texmf-dist/tex/generic/iftex/ifluatex.sty
Package: ifluatex 2019/10/25 v1.5 ifluatex legacy package. Use iftex instead.
)
(/usr/share/texmf-dist/tex/luatex/luatexbase/luatexbase.sty
Package: luatexbase 2015/10/04 v1.3 luatexbase interface to LuaTeX 

(/usr/share/texmf-dist/tex/luatex/ctablestack/ctablestack.sty
Package: ctablestack 2015/10/01 v1.0 Catcode table stable support
\@catcodetablestackcnt=\count305
)
\CatcodeTableOther=\catcodetable12
\CatcodeTableExpl=\catcodetable13
)
\luacode@lines=\toks24
\luacode@table@soft=\catcodetable14
)
(/usr/share/texmf-dist/tex/latex/paracol/paracol.sty
Package: paracol 2018/12/31 v1.35 
\pcol@currcol=\count306
\pcol@nextcol=\count307
\pcol@ncol=\count308
\pcol@ncolleft=\count309
\pcol@page=\count310
\pcol@basepage=\count311
\pcol@toppage=\count312
\pcol@footnotebase=\count313
\pcol@nfootnotes=\count314
\pcol@mcid=\count315
\pcol@prevdepth=\dimen182
\pcol@colht=\dimen183
\pcol@textfloatsep=\dimen184
\pcol@lrmargin=\dimen185
\pagerim=\dimen186
\pcol@topskip=\skip191
\belowfootnoteskip=\skip192
\pcol@topfnotes=\box55
\pcol@prespan=\box56
\pcol@rightpage=\box57
\pcol@colorstack@saved=\box58
\pcol@tempboxa=\box59
\pcol@tempboxb=\box60
\pcol@colorins=\insert247
\pcol@everyvbox=\toks25
)
(/usr/share/texmf-dist/tex/latex/etoolbox/etoolbox.sty
Package: etoolbox 2020/10/05 v2.5k e-TeX tools for LaTeX (JAW)
\etb@tempcnta=\count316
)
(/usr/share/texmf-dist/tex/latex/lineno/lineno.sty
Package: lineno 2005/11/02 line numbers on paragraphs v4.41
\linenopenalty=\count317
\output=\toks26
\linenoprevgraf=\count318
\linenumbersep=\dimen187
\linenumberwidth=\dimen188
\c@linenumber=\count319
\c@pagewiselinenumber=\count320
\c@LN@truepage=\count321
\c@internallinenumber=\count322
\c@internallinenumbers=\count323
\quotelinenumbersep=\dimen189
\bframerule=\dimen190
\bframesep=\dimen191
\bframebox=\box61
LaTeX Info: Redefining \\ on input line 3056.
)
(/usr/share/texmf-dist/tex/latex/trivfloat/trivfloat.sty
Package: trivfloat 2009/04/23 v1.4 Quick floats in LaTeX
\c@tfl@float@cnt=\count324
LaTeX Info: Redefining \tfl@uppercase on input line 223.
)
(/usr/share/texmf-dist/tex/latex/refcount/refcount.sty
Package: refcount 2019/12/15 v3.6 Data extraction from label references (HO)

(/usr/share/texmf-dist/tex/generic/ltxcmds/ltxcmds.sty
Package: ltxcmds 2020-05-10 v1.25 LaTeX kernel commands for general use (HO)
)
(/usr/share/texmf-dist/tex/generic/infwarerr/infwarerr.sty
Package: infwarerr 2019/12/03 v1.5 Providing info/warning/error messages (HO)
))
(/usr/share/texmf-dist/tex/latex/zref/zref-user.sty
Package: zref-user 2020-07-03 v2.32 Module user for zref (HO)

(/usr/share/texmf-dist/tex/latex/zref/zref-base.sty
Package: zref-base 2020-07-03 v2.32 Module base for zref (HO)

(/usr/share/texmf-dist/tex/generic/kvsetkeys/kvsetkeys.sty
Package: kvsetkeys 2019/12/15 v1.18 Key value parser (HO)
)
(/usr/share/texmf-dist/tex/generic/kvdefinekeys/kvdefinekeys.sty
Package: kvdefinekeys 2019-12-19 v1.6 Define keys (HO)
)
(/usr/share/texmf-dist/tex/generic/pdftexcmds/pdftexcmds.sty
Package: pdftexcmds 2020-06-27 v0.33 Utility functions of pdfTeX for LuaTeX (HO
)
Package pdftexcmds Info: \pdf@primitive is available.
Package pdftexcmds Info: \pdf@ifprimitive is available.
Package pdftexcmds Info: \pdfdraftmode found.
\pdftexcmds@toks=\toks27
)
(/usr/share/texmf-dist/tex/generic/etexcmds/etexcmds.sty
Package: etexcmds 2019/12/15 v1.7 Avoid name clashes with e-TeX commands (HO)
)
(/usr/share/texmf-dist/tex/latex/auxhook/auxhook.sty
Package: auxhook 2019-12-17 v1.6 Hooks for auxiliary files (HO)
)
Package zref Info: New property list: main on input line 764.
Package zref Info: New property: default on input line 765.
Package zref Info: New property: page on input line 766.
))
(/usr/share/texmf-dist/tex/latex/zref/zref-abspage.sty
Package: zref-abspage 2020-07-03 v2.32 Module abspage for zref (HO)

(/usr/share/texmf-dist/tex/latex/base/atbegshi-ltx.sty
Package: atbegshi-ltx 2021/01/10 v1.0c Emulation of the original atbegshi
package with kernel methods
)
\c@abspage=\count325
Package zref Info: New property: abspage on input line 66.
)
(/usr/share/texmf-dist/tex/latex/ifoddpage/ifoddpage.sty
Package: ifoddpage 2016/04/23 v1.1 Conditionals for odd/even page detection
\c@checkoddpage=\count326
LaTeX Info: Redefining \checkoddpage on input line 45.
)
\ekd@app@height=\dimen192
\c@ekd@pb=\count327
\c@ekd@lab=\count328
\c@ekd@vpnum=\count329
\vwidth@val=\dimen193
\ekdspace=\skip193
)
(./sanskrit-poetry.sty
Package: sanskrit-poetry 2021/09/03 v0.3 sanskrit verse typesetting
 (/usr/share/texmf-dist/tex/generic/xstring/xstring.sty
(/usr/share/texmf-dist/tex/generic/xstring/xstring.tex
\integerpart=\count330
\decimalpart=\count331
)
Package: xstring 2021/07/21 v1.84 String manipulations (CT)
)
\c@ekd@padanum=\count332
\vnumskip=\skip194
\c@saved@poemline=\count333
)
(/usr/share/texmf-dist/tex/generic/babel/babel.sty
Package: babel 2021/11/29 3.67 The Babel package

(/usr/share/texmf-dist/tex/generic/babel/luababel.def
\bbl@readstream=\read3
\l@dumylang=\language2
Package babel Info: Non-standard hyphenation setup on input line 118.
\l@nohyphenation=\language3
\l@german-x-2021-02-26=\language4
\l@ngerman-x-2021-02-26=\language5
\l@afrikaans=\language6
\l@ancientgreek=\language7
\l@ibycus=\language8
\l@arabic=\language9
\l@armenian=\language10
\l@basque=\language11
\l@belarusian=\language12
\l@bulgarian=\language13
\l@catalan=\language14
\l@pinyin=\language15
\l@churchslavonic=\language16
\l@coptic=\language17
\l@croatian=\language18
\l@czech=\language19
\l@danish=\language20
\l@dutch=\language21
\l@ukenglish=\language22
\l@usenglishmax=\language23
\l@esperanto=\language24
\l@estonian=\language25
\l@ethiopic=\language26
\l@farsi=\language27
\l@finnish=\language28
\l@schoolfinnish=\language29
\l@french=\language30
\l@friulan=\language31
\l@galician=\language32
\l@georgian=\language33
\l@german=\language34
\l@ngerman=\language35
\l@swissgerman=\language36
\l@greek=\language37
\l@monogreek=\language38
\l@hungarian=\language39
\l@icelandic=\language40
\l@assamese=\language41
\l@bengali=\language42
\l@gujarati=\language43
\l@hindi=\language44
\l@kannada=\language45
\l@malayalam=\language46
\l@marathi=\language47
\l@oriya=\language48
\l@pali=\language49
\l@panjabi=\language50
\l@tamil=\language51
\l@telugu=\language52
\l@indonesian=\language53
\l@interlingua=\language54
\l@irish=\language55
\l@italian=\language56
\l@kurmanji=\language57
\l@classiclatin=\language58
\l@latin=\language59
\l@liturgicallatin=\language60
\l@latvian=\language61
\l@lithuanian=\language62
\l@macedonian=\language63
\l@mongolian=\language64
\l@mongolianlmc=\language65
\l@bokmal=\language66
\l@nynorsk=\language67
\l@occitan=\language68
\l@piedmontese=\language69
\l@polish=\language70
\l@portuguese=\language71
\l@romanian=\language72
\l@romansh=\language73
\l@russian=\language74
\l@sanskrit=\language75
\l@serbian=\language76
\l@serbianc=\language77
\l@slovak=\language78
\l@slovenian=\language79
\l@spanish=\language80
\l@swedish=\language81
\l@thai=\language82
\l@turkish=\language83
\l@turkmen=\language84
\l@ukrainian=\language85
\l@uppersorbian=\language86
\l@welsh=\language87
\babelcatcodetablenum=\catcodetable15
\bbl@pattcodes=\catcodetable16
)
\babel@savecnt=\count334
\U@D=\dimen194
\l@unhyphenated=\language88

(/usr/share/texmf-dist/tex/generic/babel/luababel.def
\bbl@attr@locale=\attribute5
)
(/usr/share/texmf-dist/tex/generic/babel-english/english.ldf
Language: english 2017/06/06 v3.3r English support from the babel system
Package babel Info: Hyphen rules for 'canadian' set to \l@english
(babel)             (\language0). Reported on input line 102.
Package babel Info: Hyphen rules for 'australian' set to \l@ukenglish
(babel)             (\language22). Reported on input line 105.
Package babel Info: Hyphen rules for 'newzealand' set to \l@ukenglish
(babel)             (\language22). Reported on input line 108.
))
(./babel-iast.sty
Package: babel-iast 
Package babel Info: Importing data for iast
(babel)             from babel-sa-Deva.ini. Reported on input line 2.
Package babel Info: Hyphen rules for 'iast' set to \l@sanskrit
(babel)             (\language75). Reported on input line 2.
Inserting `Babel.hyphenate' at position 1 in `hyphenate'.)
(/usr/share/texmf-dist/tex/latex/l3packages/xparse/xparse.sty
(/usr/share/texmf-dist/tex/latex/l3kernel/expl3.sty
Package: expl3 2021-11-22 L3 programming layer (loader) 

(/usr/share/texmf-dist/tex/latex/l3backend/l3backend-luatex.def
File: l3backend-luatex.def 2021-12-14 L3 backend support: PDF output (LuaTeX)
\l__color_backend_stack_int=\count335
\l__pdf_internal_box=\box62
))
Package: xparse 2021-11-12 L3 Experimental document command parser
)
(/usr/share/texmf-dist/tex/latex/xcolor/xcolor.sty
Package: xcolor 2021/10/31 v2.13 LaTeX color extensions (UK)

(/usr/share/texmf-dist/tex/latex/graphics-cfg/color.cfg
File: color.cfg 2016/01/02 v1.6 sample color configuration
)
Package xcolor Info: Driver file: luatex.def on input line 227.

(/usr/share/texmf-dist/tex/latex/graphics-def/luatex.def
File: luatex.def 2021/06/01 v1.2c Graphics/color driver for luatex
)
Package xcolor Info: Model `cmy' substituted by `cmy0' on input line 1352.
Package xcolor Info: Model `hsb' substituted by `rgb' on input line 1356.
Package xcolor Info: Model `RGB' extended on input line 1368.
Package xcolor Info: Model `HTML' substituted by `rgb' on input line 1370.
Package xcolor Info: Model `Hsb' substituted by `hsb' on input line 1371.
Package xcolor Info: Model `tHsb' substituted by `hsb' on input line 1372.
Package xcolor Info: Model `HSB' substituted by `hsb' on input line 1373.
Package xcolor Info: Model `Gray' substituted by `gray' on input line 1374.
Package xcolor Info: Model `wave' substituted by `hsb' on input line 1375.
)
(/usr/share/texmf-dist/tex/latex/fontspec/fontspec.sty
Package: fontspec 2020/02/21 v2.7i Font selection for XeLaTeX and LuaLaTeX
Lua module: fontspec 2020/02/21 2.7i Font selection for XeLaTeX and LuaLaTeX
(/usr/share/texmf-dist/tex/latex/fontspec/fontspec-luatex.sty
Package: fontspec-luatex 2020/02/21 v2.7i Font selection for XeLaTeX and LuaLaT
eX
\l__fontspec_script_int=\count336
\l__fontspec_language_int=\count337
\l__fontspec_strnum_int=\count338
\l__fontspec_tmp_int=\count339
\l__fontspec_tmpa_int=\count340
\l__fontspec_tmpb_int=\count341
\l__fontspec_tmpc_int=\count342
\l__fontspec_em_int=\count343
\l__fontspec_emdef_int=\count344
\l__fontspec_strong_int=\count345
\l__fontspec_strongdef_int=\count346
\l__fontspec_tmpa_dim=\dimen195
\l__fontspec_tmpb_dim=\dimen196
\l__fontspec_tmpc_dim=\dimen197

(/usr/share/texmf-dist/tex/latex/base/fontenc.sty
Package: fontenc 2021/04/29 v2.0v Standard LaTeX package
)
(/usr/share/texmf-dist/tex/latex/fontspec/fontspec.cfg)))
(/usr/share/texmf-dist/tex/generic/babel/locale/en/babel-english.tex
Package babel Info: Importing font and identification data for english
(babel)             from babel-en.ini. Reported on input line 11.
)
(./Manuscript-Sigla.tex) (./Abbreviations.tex) (./TeX2Tei-Commands.tex))
(./HP1_OldMss.aux

Package babel Info: The following font families will use the default
(babel)             settings for all or some languages:
(babel)             * \rmfamily = lmr
(babel)               [lmroman10-regular]:+tlig;
(babel)             * \sffamily = lmss
(babel)               [lmsans10-regular]:+tlig;
(babel)             * \ttfamily = lmtt
(babel)               [lmmono10-regular]:
(babel)             There is nothing intrinsically wrong with it, but
(babel)             'babel' will no set Script and Language, which could
(babel)             be relevant in some languages. If your document uses
(babel)             these families, consider redefining them with \babelfont.
(babel)             Reported on input line 5.

luaotfload | cache : Lookup cache loaded from /home/sahibram/.texlive/texmf-var/
luatex-cache/generic/names/luaotfload-lookup-cache.luc.
luaotfload | aux : font no 22 (nil) defines no feature for script latn with lang
uage eng

Package fontspec Warning: Font 'AdobeTextPro' is using the
(fontspec)                default features for language 'English'.
(fontspec)                That's usually fine, because many languages
(fontspec)                require no specific features, but if the output is
(fontspec)                not as expected, consider selecting another font.

luaotfload | aux : font no 29 (nil) does not define feature smcp for script latn
 with language dflt
luaotfload | aux : font no 30 (nil) does not define feature smcp for script latn
 with language dflt

Package fontspec Info: Font family 'AdobeTextPro(0)' created for font 'Adobe
(fontspec)             Text Pro' with options
(fontspec)             [Ligatures=TeX,Script=Latin,Language=English,Scale=0.9].

(fontspec)              
(fontspec)              This font family consists of the following NFSS
(fontspec)             series/shapes:
(fontspec)              
(fontspec)             - 'normal' (m/n) with NFSS spec.:
(fontspec)             <->s*[0.9]"AdobeTextPro:mode=node;script=latn;language=d
flt;+tlig;"
(fontspec)             - 'small caps'  (m/sc) with NFSS spec.:
(fontspec)             <->s*[0.9]"AdobeTextPro:mode=node;script=latn;language=d
flt;+tlig;+smcp;"
(fontspec)             - 'bold' (b/n) with NFSS spec.:
(fontspec)             <->s*[0.9]"AdobeTextPro/B:mode=node;script=latn;language
=dflt;+tlig;"
(fontspec)             - 'bold small caps'  (b/sc) with NFSS spec.:
(fontspec)             <->s*[0.9]"AdobeTextPro/B:mode=node;script=latn;language
=dflt;+tlig;+smcp;"
(fontspec)             - 'italic' (m/it) with NFSS spec.:
(fontspec)             <->s*[0.9]"AdobeTextPro/I:mode=node;script=latn;language
=dflt;+tlig;"
(fontspec)             - 'italic small caps'  (m/scit) with NFSS spec.: 
(fontspec)             - 'bold italic' (b/it) with NFSS spec.:
(fontspec)             <->s*[0.9]"AdobeTextPro/BI:mode=node;script=latn;languag
e=dflt;+tlig;"
(fontspec)             - 'bold italic small caps'  (b/scit) with NFSS spec.: 

LaTeX Font Info:    Font shape `TU/AdobeTextPro(0)/m/n' will be
(Font)              scaled to size 8.99994pt on input line 7.

Package fontspec Warning: Font 'AdishilaSan' is using the
(fontspec)                default features for language 'Sanskrit'.
(fontspec)                That's usually fine, because many languages
(fontspec)                require no specific features, but if the output is
(fontspec)                not as expected, consider selecting another font.


Package fontspec Info: Font family 'AdishilaSan(0)' created for font
(fontspec)             'AdishilaSan' with options
(fontspec)             [Ligatures=TeX,Script=Devanagari,Language=Sanskrit,Rende
rer=Harfbuzz,Scale=1.5].
(fontspec)              
(fontspec)              This font family consists of the following NFSS
(fontspec)             series/shapes:
(fontspec)              
(fontspec)             - 'normal' (m/n) with NFSS spec.:
(fontspec)             <->s*[1.5]"AdishilaSan:mode=harf;script=deva;language=df
lt;+tlig;"
(fontspec)             - 'small caps'  (m/sc) with NFSS spec.: 
(fontspec)             - 'bold' (b/n) with NFSS spec.:
(fontspec)             <->s*[1.5]"AdishilaSan/B:mode=harf;script=deva;language=
dflt;+tlig;"
(fontspec)             - 'bold small caps'  (b/sc) with NFSS spec.: 
(fontspec)             - 'italic' (m/it) with NFSS spec.:
(fontspec)             <->s*[1.5]"AdishilaSan/I:mode=harf;script=deva;language=
dflt;+tlig;"
(fontspec)             - 'italic small caps'  (m/scit) with NFSS spec.: 
(fontspec)             - 'bold italic' (b/it) with NFSS spec.:
(fontspec)             <->s*[1.5]"AdishilaSan/BI:mode=harf;script=deva;language
=dflt;+tlig;"
(fontspec)             - 'bold italic small caps'  (b/scit) with NFSS spec.: 

LaTeX Font Info:    Font shape `TU/AdishilaSan(0)/m/n' will be
(Font)              scaled to size 15.0pt on input line 8.
(/usr/share/texmf-dist/tex/generic/hyph-utf8/loadhyph/loadhyph-sa.tex
UTF-8 Sanskrit hyphenation patterns
(/usr/share/texmf-dist/tex/generic/hyph-utf8/patterns/tex/hyph-sa.tex)))
\openout1 = HP1_OldMss.aux

LaTeX Font Info:    Checking defaults for OML/cmm/m/it on input line 8.
LaTeX Font Info:    ... okay on input line 8.
LaTeX Font Info:    Checking defaults for OMS/cmsy/m/n on input line 8.
LaTeX Font Info:    ... okay on input line 8.
LaTeX Font Info:    Checking defaults for OT1/cmr/m/n on input line 8.
LaTeX Font Info:    ... okay on input line 8.
LaTeX Font Info:    Checking defaults for T1/cmr/m/n on input line 8.
LaTeX Font Info:    ... okay on input line 8.
LaTeX Font Info:    Checking defaults for TS1/cmr/m/n on input line 8.
LaTeX Font Info:    Trying to load font information for TS1+cmr on input line 8
.

(/usr/share/texmf-dist/tex/latex/base/ts1cmr.fd
File: ts1cmr.fd 2019/12/16 v2.5j Standard LaTeX font definitions
)
LaTeX Font Info:    ... okay on input line 8.
LaTeX Font Info:    Checking defaults for TU/lmr/m/n on input line 8.
LaTeX Font Info:    ... okay on input line 8.
LaTeX Font Info:    Checking defaults for OMX/cmex/m/n on input line 8.
LaTeX Font Info:    ... okay on input line 8.
LaTeX Font Info:    Checking defaults for U/cmr/m/n on input line 8.
LaTeX Font Info:    ... okay on input line 8.
\c@ekdapparatus=\count347
\c@loadepth=\count348
\cftbeforeekdapparatusskip=\skip195
\cftekdapparatusindent=\skip196
\cftekdapparatusnumwidth=\skip197

(/usr/share/texmf-dist/tex/context/base/mkii/supp-pdf.mkii
[Loading MPS to PDF converter (version 2006.09.02).]
\scratchcounter=\count349
\scratchdimen=\dimen198
\scratchbox=\box63
\nofMPsegments=\count350
\nofMParguments=\count351
\everyMPshowfont=\toks28
\MPscratchCnt=\count352
\MPscratchDim=\dimen199
\MPnumerator=\count353
\makeMPintoPDFobject=\count354
\everyMPtoPDFconversion=\toks29
)

Package fontspec Info: Adjusting the maths setup (use [no-math] to avoid
(fontspec)             this).

\symlegacymaths=\mathgroup4
LaTeX Font Info:    Overwriting symbol font `legacymaths' in version `bold'
(Font)                  OT1/cmr/m/n --> OT1/cmr/bx/n on input line 8.
LaTeX Font Info:    Redeclaring math accent \acute on input line 8.
LaTeX Font Info:    Redeclaring math accent \grave on input line 8.
LaTeX Font Info:    Redeclaring math accent \ddot on input line 8.
LaTeX Font Info:    Redeclaring math accent \tilde on input line 8.
LaTeX Font Info:    Redeclaring math accent \bar on input line 8.
LaTeX Font Info:    Redeclaring math accent \breve on input line 8.
LaTeX Font Info:    Redeclaring math accent \check on input line 8.
LaTeX Font Info:    Redeclaring math accent \hat on input line 8.
LaTeX Font Info:    Redeclaring math accent \dot on input line 8.
LaTeX Font Info:    Redeclaring math accent \mathring on input line 8.
LaTeX Font Info:    Redeclaring math symbol \colon on input line 8.
LaTeX Font Info:    Redeclaring math symbol \Gamma on input line 8.
LaTeX Font Info:    Redeclaring math symbol \Delta on input line 8.
LaTeX Font Info:    Redeclaring math symbol \Theta on input line 8.
LaTeX Font Info:    Redeclaring math symbol \Lambda on input line 8.
LaTeX Font Info:    Redeclaring math symbol \Xi on input line 8.
LaTeX Font Info:    Redeclaring math symbol \Pi on input line 8.
LaTeX Font Info:    Redeclaring math symbol \Sigma on input line 8.
LaTeX Font Info:    Redeclaring math symbol \Upsilon on input line 8.
LaTeX Font Info:    Redeclaring math symbol \Phi on input line 8.
LaTeX Font Info:    Redeclaring math symbol \Psi on input line 8.
LaTeX Font Info:    Redeclaring math symbol \Omega on input line 8.
LaTeX Font Info:    Redeclaring math symbol \mathdollar on input line 8.
LaTeX Font Info:    Redeclaring symbol font `operators' on input line 8.
LaTeX Font Info:    Encoding `OT1' has changed to `TU' for symbol font
(Font)              `operators' in the math version `normal' on input line 8.
LaTeX Font Info:    Overwriting symbol font `operators' in version `normal'
(Font)                  OT1/cmr/m/n --> TU/AdobeTextPro(0)/m/n on input line 8.

LaTeX Font Info:    Encoding `OT1' has changed to `TU' for symbol font
(Font)              `operators' in the math version `bold' on input line 8.
LaTeX Font Info:    Overwriting symbol font `operators' in version `bold'
(Font)                  OT1/cmr/bx/n --> TU/AdobeTextPro(0)/m/n on input line 8
.
LaTeX Font Info:    Overwriting symbol font `operators' in version `normal'
(Font)                  TU/AdobeTextPro(0)/m/n --> TU/AdobeTextPro(0)/m/n on in
put line 8.
LaTeX Font Info:    Overwriting math alphabet `\mathit' in version `normal'
(Font)                  OT1/cmr/m/it --> TU/AdobeTextPro(0)/m/it on input line 
8.
LaTeX Font Info:    Overwriting math alphabet `\mathbf' in version `normal'
(Font)                  OT1/cmr/bx/n --> TU/AdobeTextPro(0)/b/n on input line 8
.
LaTeX Font Info:    Overwriting math alphabet `\mathsf' in version `normal'
(Font)                  OT1/cmss/m/n --> TU/lmss/m/n on input line 8.
LaTeX Font Info:    Overwriting math alphabet `\mathtt' in version `normal'
(Font)                  OT1/cmtt/m/n --> TU/lmtt/m/n on input line 8.
LaTeX Font Info:    Overwriting symbol font `operators' in version `bold'
(Font)                  TU/AdobeTextPro(0)/m/n --> TU/AdobeTextPro(0)/b/n on in
put line 8.
LaTeX Font Info:    Overwriting math alphabet `\mathit' in version `bold'
(Font)                  OT1/cmr/bx/it --> TU/AdobeTextPro(0)/b/it on input line
 8.
LaTeX Font Info:    Overwriting math alphabet `\mathsf' in version `bold'
(Font)                  OT1/cmss/bx/n --> TU/lmss/b/n on input line 8.
LaTeX Font Info:    Overwriting math alphabet `\mathtt' in version `bold'
(Font)                  OT1/cmtt/m/n --> TU/lmtt/b/n on input line 8.
LaTeX Font Info:    Font shape `TU/AdishilaSan(0)/m/n' will be
(Font)              scaled to size 12.0pt on input line 2225.
LaTeX Font Info:    Font shape `TU/AdobeTextPro(0)/m/n' will be
(Font)              scaled to size 7.19995pt on input line 1.
LaTeX Font Info:    Font shape `TU/AdobeTextPro(0)/bx/n' in size <8> not availa
ble
(Font)              Font shape `TU/AdobeTextPro(0)/b/n' tried instead on input 
line 1.
LaTeX Font Info:    Font shape `TU/AdobeTextPro(0)/b/n' will be
(Font)              scaled to size 7.19995pt on input line 1.
LaTeX Font Info:    Font shape `TU/AdishilaSan(0)/bx/n' in size <8> not availab
le
(Font)              Font shape `TU/AdishilaSan(0)/b/n' tried instead on input l
ine 1.
LaTeX Font Info:    Font shape `TU/AdishilaSan(0)/b/n' will be
(Font)              scaled to size 12.0pt on input line 1.
LaTeX Font Info:    Font shape `TU/AdobeTextPro(0)/m/n' will be
(Font)              scaled to size 5.39996pt on input line 1.
LaTeX Font Info:    Font shape `TU/AdobeTextPro(0)/m/n' will be
(Font)              scaled to size 4.49997pt on input line 1.
LaTeX Font Info:    External font `cmex10' loaded for size
(Font)              <8> on input line 1.
LaTeX Font Info:    External font `cmex10' loaded for size
(Font)              <6> on input line 1.
LaTeX Font Info:    External font `cmex10' loaded for size
(Font)              <5> on input line 1.

Underfull \hbox (badness 1052) in paragraph at lines 1--2225
[][][]\TU/AdobeTextPro(0)/b/n/8 1a [][][]śrīād-ināthāya[] []\TU/AdobeTextP
ro(0)/m/n/8 J$[][]$[]J$[][]$[]J$[][]$[]N$[][]$[]V$[][]$[]W$[][]$] []ādīśan
āthāya[] []V$[][]$  [][]\TU/AdobeTextPro(0)/b/n/8 1c [][][]rā-jasaud-ham[] [
]\TU/AdobeTextPro(0)/m/n/8 V$[][]$[]V$[][]$] []rā-jayo-gam[] []J$[][]$[]J$[][]
$[]J$[][]$[]N$[][]$[]W$[][]$
 []


Underfull \hbox (badness 10000) in paragraph at lines 1--2225
[][]\TU/AdobeTextPro(0)/b/n/8 1d [][][]āroḍhum[] []\TU/AdobeTextPro(0)/m/n/8
 J$[][]$[]J$[][]$[]N$[][]$[]V$[][]$[]V$[][]$[]W$[][]$] []āro-him[] []J$[][]$  
[][][][][]\TU/AdobeTextPro(0)/b/n/8 ro-hiṇīva[] []\TU/AdobeTextPro(0)/m/n/8 
J$[][]$[]J$[][]$[]N$[][]$[]V$[][]$[]V$[][]$[]W$[][]$] []roha eva[] []J$[][]$  [
][]\TU/AdobeTextPro(0)/b/n/8 2b [][][]yo-ginā[]
 []


Underfull \hbox (badness 1960) in paragraph at lines 1--2225
[]\TU/AdobeTextPro(0)/m/n/8 J$[][]$[]J$[][]$[]J$[][]$[]N$[][]$[]V$[][]$[]W$[][]
$] []dhī-matā[] []V$[][]$  [][]\TU/AdobeTextPro(0)/b/n/8 2d [][][]vidy-opadi
śy-ate[] []\TU/AdobeTextPro(0)/m/n/8 J[]$[][]$[]V$[][]$[]V$[][]$] []vidyo di
śy-ate[] []J[]$[][]$ []yo-gopadiśy-ate[] []J$[][]$[]N$[][]$[]W$[][]$
 []


Underfull \hbox (badness 10000) in paragraph at lines 1--2225
[]\TU/AdobeTextPro(0)/m/n/8 yo-go-pradiśy-ate[] []J$[][]$  [][]\TU/AdobeTextPr
o(0)/b/n/8 3a [][][]bhrān-tyā[] []\TU/AdobeTextPro(0)/m/n/8 J[]$[][]$[]J$[][]
$[]J$[][]$[]N$[][]$[]V$[][]$[]W$[][]$] []bhrāntvā[] []J[]$[][]$[]V$[][]$  [][
][][][]\TU/AdobeTextPro(0)/b/n/8 matad-hvānte[] []\TU/AdobeTextPro(0)/m/n/8 J$
[][]$[]J$[][]$[]N$[][]$[]V$[][]$[]W$[][]$]
 []


Underfull \hbox (badness 1509) in paragraph at lines 1--2225
[]\TU/AdobeTextPro(0)/m/n/8 matād-hvānte[] []J$[][]$ []mataṃ bhrān-taṃ[]
 []V$[][]$  [][]\TU/AdobeTextPro(0)/b/n/8 3b [][][]ajā-natām[] []\TU/AdobeTex
tPro(0)/m/n/8 J$[][]$[]J$[][]$[]J$[][]$[]N$[][]$[]V$[][]$[]W$[][]$] []ajā-nata
ḥ[] []V$[][]$  [][]\TU/AdobeTextPro(0)/b/n/8 3d [][][]kṛpākaraḥ[] []\TU/
AdobeTextPro(0)/m/n/8 V$[][]$]
 []


Underfull \hbox (badness 3965) in paragraph at lines 1--2225
[][]\TU/AdobeTextPro(0)/b/n/8 4c [][][]svāt-mārāmo[] []\TU/AdobeTextPro(0)/m
/n/8 J$[][]$[]J$[][]$[]J$[][]$[]N$[][]$[]V$[][]$[]W$[][]$] []āt-mārāmo[] []V$[][]$  [][]\TU/AdobeTextPro(0)/b/n/8 4d [][][]j
ānīte[] []\TU/AdobeTextPro(0)/m/n/8 J[]$[][]$[]J$[][]$[]N$[][]$[]V$[][]$[]V$[
][]$[]W$[][]$] []jānite[] []J$[][]$ []jā-naṃte[] []J[]$[][]$
 []


Underfull \hbox (badness 4156) in paragraph at lines 1--2225
[][]\TU/AdobeTextPro(0)/b/n/8 5a [][][]śrīād-inātha[] []\TU/AdobeTextPro(0)
/m/n/8 J$[][]$[]V$[][]$] []ād-ināthādi[] []J$[][]$[]J$[][]$[]N$[][]$[]V$[][]
$[]W$[][]$  [][]\TU/AdobeTextPro(0)/b/n/8 5b [][][]śābarā[] []\TU/AdobeTextP
ro(0)/m/n/8 J$[][]$[]J$[][]$[]N$[][]$[]W$[][]$] []śabarā[] []V$[][]$ []śā-ga
rā[] []J$[][]$ []śāradā[]
 []


Underfull \hbox (badness 1565) in paragraph at lines 1--2225
[]\TU/AdobeTextPro(0)/m/n/8 J$[][]$[]J$[][]$[]J$[][]$[]N$[][]$[]V$[][]$[]W$[][]
$] []virūpākṣaḥ[] []V$[][]$  [][][][][]\TU/AdobeTextPro(0)/b/n/8 bileśay
āḥ[] []\TU/AdobeTextPro(0)/m/n/8 J$[][]$[]J$[][]$[]J$[][]$[]N$[][]$[]V$[][]$
[]W$[][]$] []savā-likaḥ[] []V$[][]$  [][]\TU/AdobeTextPro(0)/b/n/8 6b [][][]
sid-dha[] []\TU/AdobeTextPro(0)/m/n/8 J$[][]$[]V$[][]$] []śud-dha[]
 []


Underfull \hbox (badness 1642) in paragraph at lines 1--2225
[]\TU/AdobeTextPro(0)/m/n/8 J$[][]$[]J$[][]$[]N$[][]$[]W$[][]$ []sud-dha[] []V$
[][]$  [][][][][]\TU/AdobeTextPro(0)/b/n/8 bud-dhaś ca[] []\TU/AdobeTextPro(0)
/m/n/8 J$[][]$[]J$[][]$[]N$[][]$[]V$[][]$[]V$[][]$[]W$[][]$] []bud-hiśca[] []J$[][]$  [][][][][]\TU/AdobeTextPro(0)/b/n/8 kan-tha
ḍiḥ[] []\TU/AdobeTextPro(0)/m/n/8 V$[][]$] []kaṃthaḍī[] []V$[][]$[]W$[
][]$
 []


Underfull \hbox (badness 4072) in paragraph at lines 1--2225
[]\TU/AdobeTextPro(0)/m/n/8 J$[][]$[]J$[][]$[]N$[][]$[]V$[][]$[]W$[][]$] []sur
ā-nanda[] []J$[][]$  [][]\TU/AdobeTextPro(0)/b/n/8 6d [][][]carp(p)aṭiḥ[] 
[]\TU/AdobeTextPro(0)/m/n/8 J[]$[][]$[]J$[][]$[]N$[][]$[]W$[][]$] []carp-paṭi[] []J[]$[][]$ []carp(p)a
ṭī[] []J$[][]$[]V$[][]$  [][]\TU/AdobeTextPro(0)/b/n/8 7a [][][]kān-erī[]
 []

LaTeX Font Info:    Font shape `TU/AdobeTextPro(0)/m/n' will be
(Font)              scaled to size 6.29996pt on input line 2225.
LaTeX Font Info:    External font `cmex10' loaded for size
(Font)              <7> on input line 2225.
LaTeX Font Info:    Font shape `TU/AdishilaSan(0)/m/n' will be
(Font)              scaled to size 10.5pt on input line 2225.
LaTeX Font Info:    Font shape `TU/AdishilaSan(0)/m/n' will be
(Font)              scaled to size 9.0pt on input line 2225.
LaTeX Font Info:    Font shape `TU/AdobeTextPro(0)/m/it' will be
(Font)              scaled to size 7.19995pt on input line 2225.

Underfull \vbox (badness 6380) has occurred while \output is active []

LaTeX Font Info:    Font shape `TU/AdishilaSan(0)/m/n' will be
(Font)              scaled to size 13.5pt on input line 2225.
LaTeX Font Info:    Font shape `TU/AdobeTextPro(0)/m/n' will be
(Font)              scaled to size 8.09995pt on input line 2225.
 [1{/var/lib/texmf/fonts/map/pdftex/updmap/pdftex.map}

]
Underfull \hbox (badness 2245) in paragraph at lines 1--2225
[]\TU/AdobeTextPro(0)/m/n/8 ghoṭā-colī[] []V$[][]$  [][][][][]\TU/AdobeText
Pro(0)/b/n/8 ca[] []\TU/AdobeTextPro(0)/m/n/8 J$[][]$[]J$[][]$[]N$[][]$[]V$[][]
$[]W$[][]$] []sa[] []V$[][]$  [][][][][]\TU/AdobeTextPro(0)/b/n/8 ṭiṇṭi
ṇī[] []\TU/AdobeTextPro(0)/m/n/8 J[]$[][]$[]J$[][]$[]J$[][]$[]V$[][]$] []
ṭiṃṭiṇīḥ[] []N$[][]$[]W$[][]$ []ṭiṃṭiniḥ[] []V$[][]$ []ci
ṃ-ciṇī[] []J[]$[][]$
 []


Underfull \hbox (badness 1642) in paragraph at lines 1--2225
[]\TU/AdobeTextPro(0)/m/n/8 ja-gatīm[] []V$[][]$ []yuk-tānām[] []J[]$[][]$ [
]juk-tānāṃm[] []J$[][]$  [][]\TU/AdobeTextPro(0)/b/n/8 10d [][][]ād-hāra[
] []\TU/AdobeTextPro(0)/m/n/8 V$[][]$[]W$[][]$] []ād-hāraḥ[] []J$[][]$[]J$[
][]$[]J$[][]$[]N$[][]$[]V$[][]$  [][][][][]\TU/AdobeTextPro(0)/b/n/8 ka-maṭho ha
ṭhaḥ[]
 []


Underfull \hbox (badness 1527) in paragraph at lines 1--2225
[]\TU/AdobeTextPro(0)/m/n/8 J[]$[][]$[]J$[][]$[]J$[][]$[]N$[][]$[]V$[][]$[]V$[]
[]$[]W$[][]$] []gopyaṃ[] []J[]$[][]$  [][][][][]\TU/AdobeTextPro(0)/b/n/8 yo-g
ināṃ[] []\TU/AdobeTextPro(0)/m/n/8 J[]$[][]$[]J$[][]$[]J$[][]$[]N$[][]$[]V$[
][]$[]W$[][]$] []yo-gīnāṃ[] []J[]$[][]$ []yo-ginā[] []V$[][]$  [][]\TU/Ado
beTextPro(0)/b/n/8 11b [][][]ic-cha-tām[]
 []


Underfull \hbox (badness 1622) in paragraph at lines 1--2225
[]\TU/AdobeTextPro(0)/m/n/8 N$[][]$[]V$[][]$] []piṭhakaṃ[] []J$[][]$ []vi
ṭharaṃ[] []J[]$[][]$ []viṭa-paṃ[] []J$[][]$[]J[]$[][]$[]W$[][]$ []sahi-t
aṃ[] []V$[][]$  [][][][][]\TU/AdobeTextPro(0)/b/n/8 nā-tyuc-canīcā[] []\TU
/AdobeTextPro(0)/m/n/8 J$[][]$[]N$[][]$[]V$[][]$[]V$[][]$[]W$[][]$] []nā-tyuc-
 []


Underfull \vbox (badness 10000) has occurred while \output is active []

 [2]
Underfull \hbox (badness 1092) in paragraph at lines 1--2225
[][][]\TU/AdobeTextPro(0)/b/n/8 14a [][][]evaṃvidhe[] []\TU/AdobeTextPro(0)/m
/n/8 J$[][]$[]J$[][]$[]J$[][]$[]V$[][]$[]V$[][]$[]W$[][]$] []evaṃvidha[] []N$
[][]$  [][]\TU/AdobeTextPro(0)/b/n/8 14c [][][]gurūpa[] []\TU/AdobeTextPro(0)/
m/n/8 J$[][]$[]J$[][]$[]N$[][]$[]V$[][]$[]V$[][]$[]W$[][]$] []gu-rupa[] []J$[][
]$  [][]\TU/AdobeTextPro(0)/b/n/8 14d [][][]yo-
 []

LaTeX Font Info:    External font `cmex10' loaded for size
(Font)              <9> on input line 1.

Underfull \vbox (badness 10000) has occurred while \output is active []

 [3]
Underfull \hbox (badness 2042) in paragraph at lines 1--2225
[][][]\TU/AdobeTextPro(0)/b/n/8 19a [][][]jānūr-vor[] []\TU/AdobeTextPro(0)/m
/n/8 J[]$[][]$[]J$[][]$[]J$[][]$[]V$[][]$[]W$[][]$] []jānur-vor[] []J[]$[][]$[
]N$[][]$ []jaṃtūrvo[] []V$[][]$  [][]\TU/AdobeTextPro(0)/b/n/8 19c [][][]
ṛjukāyaḥ[] []\TU/AdobeTextPro(0)/m/n/8 J[]$[][]$[]J$[][]$[]J$[][]$[]N$[][]
$[]V$[][]$[]W$[][]$] []ṛjukāya[]
 []


Underfull \hbox (badness 1158) in paragraph at lines 1--2225
[]\TU/AdobeTextPro(0)/m/n/8 V$[][]$ []ṛjuḥ kāya[] []J[]$[][]$  [][][][][]\
TU/AdobeTextPro(0)/b/n/8 samāsī-naḥ[] []\TU/AdobeTextPro(0)/m/n/8 J[]$[][]$
[]J$[][]$[]J$[][]$[]N$[][]$[]V$[][]$[]V$[][]$[]W$[][]$] []samāsī-naṃ[] []J[
]$[][]$  [][]\TU/AdobeTextPro(0)/b/n/8 20a [][][]savye[] []\TU/AdobeTextPro(0)/
m/n/8 J$[][]$[]J$[][]$[]N$[][]$[]V$[][]$[]V$[][]$[]W$[][]$] []sarvye[]
 []


Underfull \hbox (badness 1082) in paragraph at lines 1--2225
[]\TU/AdobeTextPro(0)/m/n/8 itarās-miṃ[] []V$[][]$  [][][][][]\TU/AdobeTextP
ro(0)/b/n/8 coruṃ[] []\TU/AdobeTextPro(0)/m/n/8 J$[][]$[]J$[][]$[]V$[][]$[]V$
[][]$] []corau[] []W$[][]$ []cānyaṃ[] []J[]$[][]$ []ce ..[] []V$[][]$ []caika
ṃ[] []N$[][]$  [][]\TU/AdobeTextPro(0)/b/n/8 22a [][][]ni-bad-hya[] []\TU/Ado
beTextPro(0)/m/n/8 V$[][]$] []ni-
 []


Underfull \hbox (badness 1087) in paragraph at lines 1--2225
\TU/AdobeTextPro(0)/m/n/8 bad-dhi[] []J$[][]$ []niyamya[] []V$[][]$ []niṣpī
ḍya[] []J$[][]$[]J$[][]$[]W$[][]$ []niṣ.īḍya[] []N$[][]$  [][]\TU/AdobeT
extPro(0)/b/n/8 22b [][][]samāhi-taḥ[] []\TU/AdobeTextPro(0)/m/n/8 J$[][]$[]
J$[][]$[]N$[][]$[]V$[][]$[]V$[][]$[]W$[][]$] []samāhi-taṃ[] []J$[][]$
 []


Underfull \vbox (badness 10000) has occurred while \output is active []

 [4]
Underfull \hbox (badness 1902) in paragraph at lines 1--2225
[]\TU/AdobeTextPro(0)/m/n/8 yathā[] []J$[][]$  [][][][][]\TU/AdobeTextPro(0)/b
/n/8 siṃhaṃ[] []\TU/AdobeTextPro(0)/m/n/8 J$[][]$[]J$[][]$[]J$[][]$[]N$[][]
$[]V$[][]$[]W$[][]$] []pad-maṃ[] []V$[][]$  [][]\TU/AdobeTextPro(0)/b/n/8 34b [][][]bhadra
ṃ[] []\TU/AdobeTextPro(0)/m/n/8 J$[][]$[]J$[][]$[]J$[][]$[]N$[][]$[]V$[][]$[]
W$[][]$] []siṃhaṃ[] []V$[][]$  [][][][][]\TU/AdobeTextPro(0)/b/n/8 ceti[]
 []

[5]
Underfull \vbox (badness 10000) has occurred while \output is active []

 [6]
Underfull \hbox (badness 3098) in paragraph at lines 1--2225
[]\TU/AdobeTextPro(0)/m/n/8 anye[] []V$[][]$  [][]\TU/AdobeTextPro(0)/b/n/8 38a [][][]iva[] []\TU/AdobeTextPro(0)/m/n/8 J$[][]$[]N$[][]$[]V$[][]$[]W$[][]$] []eva[] []J$[][]$[]J$[][]$[]V$[][]$  [][][][][]\TU/AdobeTextPro(0)/b/n/8 mit
āhāram[] []\TU/AdobeTextPro(0)/m/n/8 V$[][]$] []mitāhāra[] []J$[][]$[]V$[][
]$ []mitāhāraḥ[] []J$[][]$[]J$[][]$[]N$[][]$[]W$[][]$
 []


Underfull \hbox (badness 3291) in paragraph at lines 1--2225
[]\TU/AdobeTextPro(0)/m/n/8 J$[][]$[]J$[][]$[]J$[][]$[]N$[][]$[]V$[][]$[]W$[][]
$] []evaṃ[] []V$[][]$  [][]\TU/AdobeTextPro(0)/b/n/8 38d [][][]sid-dhāḥ sid
-dhāsanaṃ[] []\TU/AdobeTextPro(0)/m/n/8 J$[][]$[]V[]$[][]$[]W$[][]$] []sid-dh
ā sid-dhāsanaṃ[] []N$[][]$[]V[]$[][]$[]V$[][]$ []sid-
 []


Underfull \hbox (badness 3803) in paragraph at lines 1--2225
\TU/AdobeTextPro(0)/b/n/8 eva[] []\TU/AdobeTextPro(0)/m/n/8 J$[][]$[]J$[][]$[]J$[][]$[]N$[][]$[]V$[][]$] []sid-dhe-meva[] []W$[][]$ []sid-dh
āsanaṃ[] []V$[][]$  [][][][][]\TU/AdobeTextPro(0)/b/n/8 sadāb-hyaset[] []\T
U/AdobeTextPro(0)/m/n/8 J$[][]$[]J$[][]$[]J$[][]$[]N$[][]$[]V$[][]$[]V$[][]$] [
]sam-ab-hyaset[] []W$[][]$
 []


Underfull \hbox (badness 1127) in paragraph at lines 1--2225
[]\TU/AdobeTextPro(0)/m/n/8 mala-sod-hanam[] []J$[][]$ []malaśod-hane[] []J[]$
[][]$[]N$[][]$[]W$[][]$  [][]\TU/AdobeTextPro(0)/b/n/8 40a [][][]āt-mad-hyāy
ī[] []\TU/AdobeTextPro(0)/m/n/8 J$[][]$[]J$[][]$[]J$[][]$[]V$[][]$[]V$[][]$[]W$[][]$] []
āt-mad-hyāyi[] []N$[][]$  [][][][][]\TU/AdobeTextPro(0)/b/n/8 mitāhārī[]
 []


Underfull \hbox (badness 2495) in paragraph at lines 1--2225
[]\TU/AdobeTextPro(0)/m/n/8 J$[][]$[]J$[][]$[]J$[][]$[]N$[][]$[]V$[][]$[]W$[][]
$] []mitāhāro[] []V$[][]$  [][]\TU/AdobeTextPro(0)/b/n/8 40c [][][]bhyāsād[
] []\TU/AdobeTextPro(0)/m/n/8 J$[][]$[]J$[][]$[]J$[][]$[]N$[][]$[]V$[][]$[]W$[]
[]$] []bhyānād[] []V$[][]$  [][]\TU/AdobeTextPro(0)/b/n/8 40d [][][]niṣ-pat-
tim āp-nuyāt[]
 []


Underfull \hbox (badness 1496) in paragraph at lines 1--2225
\TU/AdobeTextPro(0)/m/n/8 dau bahub-hiḥ[] []V$[][]$ []kim ādyair bahub-hi
ḥ[] []J$[][]$[]J$[][]$[]J$[][]$[]N$[][]$[]W$[][]$ []śra-madairghyādib-hi
ḥ[] []V$[][]$  [][]\TU/AdobeTextPro(0)/b/n/8 40f [][][]kiṃ syāt[] []\TU/Ad
obeTextPro(0)/m/n/8 V$[][]$] []sadā[]
 []


Underfull \hbox (badness 3919) in paragraph at lines 1--2225
\TU/AdobeTextPro(0)/m/n/8 padyaṃte[] []N$[][]$[]V$[][]$[]V$[][]$  [][][][][]\
TU/AdobeTextPro(0)/b/n/8 nirāyāsāt[] []\TU/AdobeTextPro(0)/m/n/8 J$[][]$[]J$
[][]$[]J$[][]$[]V$[][]$[]V$[][]$[]W$[][]$] []vināb-hyāsāt[] []N$[][]$  [][]\
TU/AdobeTextPro(0)/b/n/8 41d [][][]yathā[] []\TU/AdobeTextPro(0)/m/n/8 J$[][]$
[]J$[][]$[]J$[][]$[]N$[][]$[]V$[][]$[]W$[][]$] []tathā[]
 []


Underfull \vbox (badness 10000) has occurred while \output is active []

 [7]
Underfull \hbox (badness 2253) in paragraph at lines 1--2225
[]\TU/AdobeTextPro(0)/m/n/8 J[]$[][]$[]V$[][]$  [][]\TU/AdobeTextPro(0)/b/n/8 45
d [][][]pāṇī[] []\TU/AdobeTextPro(0)/m/n/8 J$[][]$[]J$[][]$[]V$[][]$[]V$[][
]$] []pāṇīn[] []W$[][]$ []pāṇiṃ[] []J$[][]$ []pāṇau[] []N$[][]$  []
[][][][]\TU/AdobeTextPro(0)/b/n/8 tato[] []\TU/AdobeTextPro(0)/m/n/8 J$[][]$[]J$[][]$[]J$[][]$[]N$[][]$[]V$[][]$] []tat
ā[] []W$[][]$ []tu tā[] []V$[][]$
 []

[8]
Underfull \hbox (badness 4940) in paragraph at lines 1--2225
[][][] [][][]\TU/AdobeTextPro(0)/b/n/8 matāntare tu[] []\TU/AdobeTextPro(0)/m/
n/8 J$[][]$[]J$[][]$[]N$[][]$] []matāntare[] []J$[][]$[]V$[][]$[]W$[][]$ []mata
b-hede[] []V$[][]$  [][]\TU/AdobeTextPro(0)/b/n/8 48b [][][]ūru[] []\TU/AdobeT
extPro(0)/m/n/8 J[]$[][]$[]J$[][]$[]N$[][]$[]V$[][]$[]V$[][]$[]W$[][]$] []kuru[
] []J[]$[][]$
 []


Underfull \hbox (badness 2409) in paragraph at lines 1--2225
[][][][][]\TU/AdobeTextPro(0)/b/n/8 saṃsthau[] []\TU/AdobeTextPro(0)/m/n/8 J$
[][]$[]J$[][]$[]J$[][]$[]V$[][]$[]V$[][]$[]W$[][]$] []saṃd-hau[] []N$[][]$  [
][][][][]\TU/AdobeTextPro(0)/b/n/8 pray-at-nataḥ[] []\TU/AdobeTextPro(0)/m/n/
8 J$[][]$[]J$[][]$[]J$[][]$[]N$[][]$[]V$[][]$[]W$[][]$] []vid-hā-nataḥ[] []V$[][]$  [][]\TU/AdobeTextPro(0)/b/n/8 48c [][][]tathot-
 []


Underfull \hbox (badness 1838) in paragraph at lines 1--2225
\TU/AdobeTextPro(0)/b/n/8 tā-nau[] []\TU/AdobeTextPro(0)/m/n/8 J[]$[][]$[]J$[]
[]$[]N$[][]$[]V$[][]$[]V$[][]$[]W$[][]$] []tathāt-tā-nau[] []J$[][]$ []tathaut
-tā-nau[] []J[]$[][]$[]V$[][]$  [][]\TU/AdobeTextPro(0)/b/n/8 48d [][][]pā
ṇī[] []\TU/AdobeTextPro(0)/m/n/8 J$[][]$[]J$[][]$[]V$[][]$[]V$[][]$] []pā
ṇīn[] []W$[][]$ []pāṇiṃ[] []J$[][]$
 []


Underfull \hbox (badness 3148) in paragraph at lines 1--2225
[]\TU/AdobeTextPro(0)/m/n/8 pāṇau[] []N$[][]$  [][][][][]\TU/AdobeTextPro(0)
/b/n/8 tato[] []\TU/AdobeTextPro(0)/m/n/8 J$[][]$[]J$[][]$[]J$[][]$[]N$[][]$[]V$[][]$] []tat
ā[] []W$[][]$ []tu tā[] []V$[][]$  [][][][][]\TU/AdobeTextPro(0)/b/n/8 dṛ
śau[] []\TU/AdobeTextPro(0)/m/n/8 J$[][]$[]J$[][]$[]N$[][]$[]V$[][]$[]V$[][]$[
]W$[][]$] []dṛśai[] []J$[][]$  [][]\TU/AdobeTextPro(0)/b/n/8 49a [][][]nās
ā-gre[]
 []


Underfull \hbox (badness 1371) in paragraph at lines 1--2225
[]\TU/AdobeTextPro(0)/m/n/8 V$[][]$] []vakṣaṃ[] []V$[][]$ []vakṣaḥ[] []
W$[][]$ []vakṣa[] []J$[][]$[]J$[][]$[]J$[][]$[]N$[][]$  [][]\TU/AdobeTextPro(
0)/b/n/8 49d [][][]āsthāpya[] []\TU/AdobeTextPro(0)/m/n/8 V$[][]$] []sthā-pay
et[] []J$[][]$[]J$[][]$[]J$[][]$[]V$[][]$[]W$[][]$ []sthā-payat[] []N$[][]$
 []


Underfull \vbox (badness 10000) has occurred while \output is active []

 [9]
Underfull \hbox (badness 2521) in paragraph at lines 1--2225
[]\TU/AdobeTextPro(0)/m/n/8 mat-sya-mate[] []W$[][]$ []mat-syakṛ-tam[] []N$[]
[]$ []mat-syen-dra-matam[] []V$[][]$  [][]\TU/AdobeTextPro(0)/b/n/8 51a [][][]k
ṛtvā[] []\TU/AdobeTextPro(0)/m/n/8 J$[][]$[]J$[][]$[]J$[][]$[]N$[][]$[]V$[][
]$[]W$[][]$] []dhṛtvā[] []V$[][]$  [][][][][]\TU/AdobeTextPro(0)/b/n/8 tu[]
 []


Underfull \hbox (badness 1769) in paragraph at lines 1--2225
[]\TU/AdobeTextPro(0)/m/n/8 aṅgulīḥ[] []V$[][]$  [][]\TU/AdobeTextPro(0)/b
/n/8 54c [][][]vyāt-tavak-tro[] []\TU/AdobeTextPro(0)/m/n/8 J$[][]$[]J$[][]$[]
N$[][]$[]V$[][]$] []vyā-tavakro[] []J$[][]$ []vyālā-vak-tro[] []V$[][]$ []vy
āghravak-tro[] []W$[][]$  [][][][][]\TU/AdobeTextPro(0)/b/n/8 nirīkṣeta[]
 []


Underfull \vbox (badness 4013) has occurred while \output is active []

 [10]
Underfull \hbox (badness 1122) in paragraph at lines 1--2225
[]\TU/AdobeTextPro(0)/m/n/8 pāb-hyāṃ[] []N$[][]$  [][]\TU/AdobeTextPro(0)/b
/n/8 56d [][][]bad-dhvā[] []\TU/AdobeTextPro(0)/m/n/8 J$[][]$[]J$[][]$[]N$[][]
$[]V$[][]$[]W$[][]$] []bad-dhvāṃ[] []J$[][]$ []bad-dhaṃ[] []V$[][]$  [][][
][][]\TU/AdobeTextPro(0)/b/n/8 suniś-calam[] []\TU/AdobeTextPro(0)/m/n/8 J$[][
]$[]J$[][]$[]J$[][]$[]N$[][]$[]V$[][]$[]W$[][]$]
 []


Underfull \hbox (badness 6658) in paragraph at lines 1--2225
[]\TU/AdobeTextPro(0)/m/n/8 suniści-tam[] []V$[][]$  [][]\TU/AdobeTextPro(0)/b
/n/8 57b [][][]viṣā-pa-ham[] []\TU/AdobeTextPro(0)/m/n/8 J$[][]$[]J$[][]$[]J$[][]$[]V[]$[][]$[]W$[][]$] []vin
āśanam[] []V[]$[][]$[]V$[][]$ []vināsanam[] []N$[][]$  [][]\TU/AdobeTextPro(
0)/b/n/8 57d [][][]sid-dhayo-gi-
 []


Underfull \hbox (badness 2781) in paragraph at lines 1--2225
\TU/AdobeTextPro(0)/b/n/8 naḥ[] []\TU/AdobeTextPro(0)/m/n/8 J$[][]$[]J$[][]$[
]N$[][]$[]V$[][]$[]V$[][]$[]W$[][]$] []sid-dhiyo-gib-hiḥ[] []J$[][]$  [][]\TU
/AdobeTextPro(0)/b/n/8 58a [][][]āsana[] []\TU/AdobeTextPro(0)/m/n/8 J$[][]$[]
J$[][]$[]J$[][]$[]V$[][]$[]V$[][]$[]W$[][]$] []āsane[] []N$[][]$  [][]\TU/Adob
eTextPro(0)/b/n/8 58b [][][]vi-gataśra-maḥ[]
 []


Underfull \vbox (badness 10000) has occurred while \output is active []

 [11]
Underfull \hbox (badness 1210) in paragraph at lines 1--2225
\TU/AdobeTextPro(0)/b/n/8 raṃ[] []\TU/AdobeTextPro(0)/m/n/8 J[]$[][]$[]J$[][]
$[]J$[][]$[]N$[][]$[]V$[][]$[]W$[][]$] []citro[] []J[]$[][]$  [][]\TU/AdobeText
Pro(0)/b/n/8 59b [][][]mu-drākhyaṃ[] []\TU/AdobeTextPro(0)/m/n/8 V$[][]$] []
mu-drādi[] []J$[][]$[]J$[][]$[]J$[][]$[]N$[][]$[]W$[][]$  [][][][][]\TU/AdobeT
extPro(0)/b/n/8 karaṇaṃ tathā[] []\TU/AdobeTextPro(0)/m/n/8 V$[][]$]
 []


Underfull \hbox (badness 3364) in paragraph at lines 1--2225
[]\TU/AdobeTextPro(0)/m/n/8 vicāraṇāt[] []J$[][]$[]J$[][]$  [][]\TU/AdobeTe
xtPro(0)/b/n/8 61a [][][]āhāraś[] []\TU/AdobeTextPro(0)/m/n/8 J$[][]$[]N$[][
]$[]V$[][]$[]V$[][]$[]W$[][]$] []āhāraḥ[] []J$[][]$ []āhāraṃ[] []J$[][]
$  [][]\TU/AdobeTextPro(0)/b/n/8 61b [][][]caturthāṃśa[] []\TU/AdobeTextPro
(0)/m/n/8 J$[][]$[]J$[][]$[]V$[][]$[]V$[][]$[]W$[][]$]
 []


Underfull \hbox (badness 2418) in paragraph at lines 1--2225
[]\TU/AdobeTextPro(0)/m/n/8 tikta[] []V$[][]$  [][][][][]\TU/AdobeTextPro(0)/b/
n/8 harīta[] []\TU/AdobeTextPro(0)/m/n/8 J[]$[][]$[]J$[][]$[]N$[][]$[]V$[][]$[
]V$[][]$[]W$[][]$] []harita[] []J[]$[][]$[]J$[][]$  [][][][][]\TU/AdobeTextPro(
0)/b/n/8 śākaṃ[] []\TU/AdobeTextPro(0)/m/n/8 J$[][]$[]V$[][]$] []śāka[] [
]N$[][]$[]V$[][]$[]W$[][]$ []sāka[] []J$[][]$[]J$[][]$  [][]\TU/AdobeTextPro(0
)/b/n/8 62b [][][]tila[]
 []


Underfull \hbox (badness 2608) in paragraph at lines 1--2225
[]\TU/AdobeTextPro(0)/m/n/8 J$[][]$[]J$[][]$[]J$[][]$[]N$[][]$[]V$[][]$[]W$[][]
$] []\TU/AdobeTextPro(0)/m/it/8 il-leg.[] []\TU/AdobeTextPro(0)/m/n/8 V$[][]$  
[][][][][]\TU/AdobeTextPro(0)/b/n/8 mat-sya-madyam[] []\TU/AdobeTextPro(0)/m/n/
8 J$[][]$[]J$[][]$[]J$[][]$[]N$[][]$[]V$[][]$[]W$[][]$] []tsya-m-aghaṃ[] []V$
[][]$  [][]\TU/AdobeTextPro(0)/b/n/8 62c [][][]ājāvi[] []\TU/AdobeTextPro(0)/
m/n/8 J$[][]$] []ajāvi[]
 []


Underfull \vbox (badness 6236) has occurred while \output is active []

 [12]
Underfull \hbox (badness 4072) in paragraph at lines 1--2225
[][][]\TU/AdobeTextPro(0)/b/n/8 63a [][][]vidyāt[] []\TU/AdobeTextPro(0)/m/n/8
 J[]$[][]$[]J$[][]$[]V$[][]$[]W$[][]$] []vidyā[] []V$[][]$ []viṃdyāt[] []J[
]$[][]$[]J$[][]$[]N$[][]$  [][][][][]\TU/AdobeTextPro(0)/b/n/8 apy[] []\TU/Adob
eTextPro(0)/m/n/8 J$[][]$[]J$[][]$[]J$[][]$[]N$[][]$[]V$[][]$[]W$[][]$] []\TU/A
dobeTextPro(0)/m/it/8 om.[] []\TU/AdobeTextPro(0)/m/n/8 V$[][]$  [][][][][]\TU/
AdobeTextPro(0)/b/n/8 uṣṇīkṛ-taṃ[]
 []


Underfull \hbox (badness 5446) in paragraph at lines 1--2225
[]\TU/AdobeTextPro(0)/m/n/8 J$[][]$[]J$[][]$[]N$[][]$[]V$[][]$[]W$[][]$] []uś-n
akrataṃ[] []J[]$[][]$ []uś-naṃ kṛ-taṃ[] []J[]$[][]$ []uṣṇīb-hū-ta
m[] []V$[][]$  [][][][][]\TU/AdobeTextPro(0)/b/n/8 rūkṣam[] []\TU/AdobeTextP
ro(0)/m/n/8 J$[][]$[]J$[][]$[]J$[][]$[]N$[][]$[]W$[][]$] []rūkṣa[] []V$[][]$

 []


Underfull \hbox (badness 1259) in paragraph at lines 1--2225
[]\TU/AdobeTextPro(0)/m/n/8 aprami-taṃ[] []V$[][]$  [][]\TU/AdobeTextPro(0)/b
/n/8 63b [][][]atilavaṇaṃ[] []\TU/AdobeTextPro(0)/m/n/8 J$[][]$[]J$[][]$[]J$[][]$[]N$[][]$[]V$[][]$[]W$[][]$] []atilava
ṇa[] []V$[][]$  [][][][][]\TU/AdobeTextPro(0)/b/n/8 tilapiṇḍaṃ[] []\TU/
AdobeTextPro(0)/m/n/8 J$[][]$] []tilapiṇḍa[] []J[]$[][]$[]J$[][]$[]N$[][]$[
]W$[][]$
 []


Underfull \hbox (badness 1205) in paragraph at lines 1--2225
[]\TU/AdobeTextPro(0)/m/n/8 tilaṃ piṇḍa[] []J[]$[][]$ []dyuṣṇataṃ[]
 []V$[][]$ []sava-palala[] []V$[][]$  [][][][][]\TU/AdobeTextPro(0)/b/n/8 kada
śana[] []\TU/AdobeTextPro(0)/m/n/8 V$[][]$[]V$[][]$] []kadaśanaṃ[] []J[]$[]
[]$[]J$[][]$[]J$[][]$[]N$[][]$[]W$[][]$ []ka-maśana[] []J[]$[][]$
 []


Underfull \hbox (badness 1603) in paragraph at lines 1--2225
[]\TU/AdobeTextPro(0)/m/n/8 J$[][]$[]W$[][]$ []\TU/AdobeTextPro(0)/m/it/8 il-leg
.[] []\TU/AdobeTextPro(0)/m/n/8 V$[][]$ []\TU/AdobeTextPro(0)/m/it/8 om.[] []\T
U/AdobeTextPro(0)/m/n/8 N$[][]$  [][] [][][]\TU/AdobeTextPro(0)/b/n/8 tathā[] 
[]\TU/AdobeTextPro(0)/m/n/8 J[]$[][]$[]J$[][]$[]V$[][]$] []tathā hi[] []J$[][]
$ []tathā ca[] []J[]$[][]$[]W$[][]$ []\TU/AdobeTextPro(0)/m/it/8 om.[] []\TU/A
dobeTextPro(0)/m/n/8 N$[][]$[]V$[][]$  [][][][][]\TU/AdobeTextPro(0)/b/n/8 gorak
ṣava-canam[]
 []


Underfull \hbox (badness 1675) in paragraph at lines 1--2225
[]\TU/AdobeTextPro(0)/m/n/8 prā-taśnāno[] []J$[][]$  [][]\TU/AdobeTextPro(0)
/b/n/8 64d [][][]kleśādikaṃ[] []\TU/AdobeTextPro(0)/m/n/8 J$[][]$[]N$[][]$[
]V$[][]$[]V$[][]$[]W$[][]$] []kleśādikas[] []J$[][]$ []kleśavid-hiṃ[] []J$
[][]$  [][][][][]\TU/AdobeTextPro(0)/b/n/8 tathā[] []\TU/AdobeTextPro(0)/m/n/8
 J$[][]$[]J$[][]$[]J$[][]$[]N$[][]$[]V$[][]$[]W$[][]$]
 []


Underfull \vbox (badness 5475) has occurred while \output is active []

 [13]
Underfull \hbox (badness 1275) in paragraph at lines 1--2225
\TU/AdobeTextPro(0)/b/n/8 laṣi-taṃ[] []\TU/AdobeTextPro(0)/m/n/8 J$[][]$[]J$[][]$[]J$[][]$[]N$[][]$[]V$[][]$[]W$[][]$] []bhil
āṣi-taṃ[] []V$[][]$  [][][][][]\TU/AdobeTextPro(0)/b/n/8 yo-gyaṃ[] []\TU
/AdobeTextPro(0)/m/n/8 J$[][]$[]J$[][]$[]N$[][]$[]V$[][]$[]W$[][]$] []yonyaṃ[
] []J$[][]$ []bho-jyaṃ[] []V$[][]$  [][][][][]\TU/AdobeTextPro(0)/b/n/8 bho-ja
nam[]
 []


Underfull \hbox (badness 2762) in paragraph at lines 1--2225
[]\TU/AdobeTextPro(0)/m/n/8 J$[][]$[]J$[][]$[]N$[][]$[]V$[][]$[]V$[][]$[]W$[][]
$] []bho-janasam[] []J$[][]$  [][]\TU/AdobeTextPro(0)/b/n/8 67b [][][]dur-balo
’pi vā[] []\TU/AdobeTextPro(0)/m/n/8 J$[][]$[]V$[][]$[]V$[][]$] []dur-balas 
tathā[] []J$[][]$[]J$[][]$[]N$[][]$[]W$[][]$  [][]\TU/AdobeTextPro(0)/b/n/8 67d
 [][][]sar-
 []


Underfull \hbox (badness 1168) in paragraph at lines 1--2225
\TU/AdobeTextPro(0)/b/n/8 vayo-geṣv atan-dri-taḥ[] []\TU/AdobeTextPro(0)/m/
n/8 J$[][]$[]J$[][]$[]N$[][]$[]V$[][]$[]W$[][]$] []sar-vayo-geṣu tan-dri-ta
ḥ[] []J$[][]$ []sar-vaṃ yogī ya-ten-driyaḥ[] []V$[][]$  [][]\TU/AdobeTex
tPro(0)/b/n/8 68a [][][]pīṭhāni[]
 []


Underfull \hbox (badness 4479) in paragraph at lines 1--2225
[]\TU/AdobeTextPro(0)/m/n/8 J$[][]$[]J$[][]$[]J$[][]$[]N$[][]$[]V$[][]$[]W$[][]
$] []pīṭhādi[] []V$[][]$  [][][][][]\TU/AdobeTextPro(0)/b/n/8 kumb-hakāś[
] []\TU/AdobeTextPro(0)/m/n/8 J$[][]$[]V$[][]$[]V$[][]$] []kumb-hakaś[] []J$[]
[]$[]J$[][]$[]N$[][]$[]W$[][]$  [][][][][]\TU/AdobeTextPro(0)/b/n/8 citrā[] []
\TU/AdobeTextPro(0)/m/n/8 J[]$[][]$[]V$[][]$[]V$[][]$] []cit-raṃ[]
 []

[14] (./HP1_OldMss.aux)

LaTeX Warning: Label(s) may have changed. Rerun to get cross-references right.

)

Here is how much of LuaTeX's memory you used:
 14048 strings out of 477875
 195324,1648299 words of node,token memory allocated
 60379 words of node memory still in use:
   3 hlist, 1 vlist, 1 rule, 67 glue, 3 kern, 7687 glyph, 1674 attribute, 189 gl
ue_spec, 838 attribute_list, 2 write nodes
   avail lists: 1:3,2:11979,3:3650,4:274,5:1625,6:48,7:6299,8:2,9:2170,10:23,11:
452
 34241 multiletter control sequences out of 65536+600000
 73 fonts using 13717495 bytes
 78i,13n,99p,11258b,1222s stack positions out of 5000i,500n,10000p,200000b,80000s
</usr/share/fonts/eigene/Adobe-Text-Pro-Italic_2047.ttf></usr/share/fonts/eigene
/Adobe-Text-Pro-Bold_2046.ttf></usr/share/fonts/eigene/Adishila San/AdishilaSan.
ttf></usr/share/fonts/eigene/Adobe-Text-Pro_2050.ttf>
Output written on HP1_OldMss.pdf (14 pages, 174588 bytes).

PDF statistics: 80 PDF objects out of 1000 (max. 8388607)
 48 compressed objects within 1 object stream
 0 named destinations out of 1000 (max. 131072)
 1 words of extra memory for PDF output out of 10000 (max. 100000000)

