This is LuaHBTeX, Version 1.15.0 (TeX Live 2022/Arch Linux)  (format=lualatex 2023.4.5)  13 APR 2023 15:30
 restricted system commands enabled.
**HP1_TranslComm.tex
(./HP1_TranslComm.tex
LaTeX2e <2021-11-15> patch level 1
Lua module: luaotfload 2022-03-18 3.21 Lua based OpenType font support
Lua module: lualibs 2021-05-20 2.74 ConTeXt Lua standard libraries.
Lua module: lualibs-extended 2021-05-20 2.74 ConTeXt Lua libraries -- extended c
ollection.
luaotfload | conf : Root cache directory is "/home/max/.texlive/texmf-var/luatex
-cache/generic/names".
luaotfload | init : Loading fontloader "fontloader-2022-02-24.lua" from kpse-res
olved path "/usr/share/texmf-dist/tex/luatex/luaotfload/fontloader-2022-02-24.lu
a".
Lua-only attribute luaotfload@noligature = 1
luaotfload | init : Context OpenType loader version 3.119
Inserting `luaotfload.node_processor' at position 1 in `pre_linebreak_filter'.
Inserting `luaotfload.node_processor' at position 1 in `hpack_filter'.
Inserting `luaotfload.glyph_stream' at position 1 in `glyph_stream_provider'.
Inserting `luaotfload.define_font' at position 1 in `define_font'.
Lua-only attribute luaotfload_color_attribute = 2
luaotfload | conf : Root cache directory is "/home/max/.texlive/texmf-var/luatex
-cache/generic/names".
Inserting `luaotfload.harf.strip_prefix' at position 1 in `find_opentype_file'.
Inserting `luaotfload.harf.strip_prefix' at position 1 in `find_truetype_file'.
Removing  `luaotfload.glyph_stream' from `glyph_stream_provider'.
Inserting `luaotfload.harf.glyphstream' at position 1 in `glyph_stream_provider'
.
Inserting `luaotfload.harf.finalize_vlist' at position 1 in `post_linebreak_filt
er'.
Inserting `luaotfload.harf.finalize_hlist' at position 2 in `hpack_filter'.
Inserting `luaotfload.cleanup_files' at position 1 in `wrapup_run'.
Inserting `luaotfload.harf.finalize_unicode' at position 1 in `finish_pdffile'.
Inserting `luaotfload.glyphinfo' at position 1 in `glyph_info'.
Lua-only attribute luaotfload.letterspace_done = 3
Inserting `luaotfload.aux.set_sscale_dimens' at position 1 in `luaotfload.patch_
font'.
Inserting `luaotfload.aux.set_font_index' at position 2 in `luaotfload.patch_fon
t'.
Inserting `luaotfload.aux.patch_cambria_domh' at position 3 in `luaotfload.patch
_font'.
Inserting `luaotfload.aux.fixup_fontdata' at position 1 in `luaotfload.patch_fon
t_unsafe'.
Inserting `luaotfload.aux.set_capheight' at position 4 in `luaotfload.patch_font
'.
Inserting `luaotfload.aux.set_xheight' at position 5 in `luaotfload.patch_font'.
Inserting `luaotfload.rewrite_fontname' at position 6 in `luaotfload.patch_font'
. L3 programming layer <2022-04-10>
Inserting `tracingstacklevels' at position 1 in `input_level_string'. (./Preamb
le-Print.tex
(/usr/share/texmf-dist/tex/latex/memoir/memoir.cls
Document Class: memoir 2022/02/20 v3.7q configurable book, report, article docu
ment class
(/usr/share/texmf-dist/tex/latex/etoolbox/etoolbox.sty
Package: etoolbox 2020/10/05 v2.5k e-TeX tools for LaTeX (JAW)
\etb@tempcnta=\count183
)
\onelineskip=\skip47
\lxvchars=\skip48
\xlvchars=\skip49
\@memcnta=\count184
\c@@memmarkcntra=\count185

(/usr/share/texmf-dist/tex/generic/iftex/iftex.sty
Package: iftex 2022/02/03 v1.0f TeX engine tests
)
\stockheight=\skip50
\stockwidth=\skip51
\trimtop=\skip52
\trimedge=\skip53

(/usr/share/texmf-dist/tex/latex/memoir/mem10.clo
File: mem10.clo 2008/01/30 v0.3 memoir class 10pt size option
luaotfload | db : Font names database loaded from /home/max/.texlive/texmf-var/l
uatex-cache/generic/names/luaotfload-names.luc.gz)
\binding=\skip54
\spinemargin=\skip55
\foremargin=\skip56
\uppermargin=\skip57
\lowermargin=\skip58
\headdrop=\skip59
\normalrulethickness=\skip60
\mem@maxheadheight=\skip61
\mem@maxfootheight=\skip62
\headwidth=\skip63
\c@storedpagenumber=\count186
\memPD=\dimen137
\m@mabparskip=\skip64
\thanksmarkwidth=\skip65
\thanksmarksep=\skip66
\droptitle=\skip67
\c@book=\count187
\c@part=\count188
\c@chapter=\count189
\c@section=\count190
\c@subsection=\count191
\c@subsubsection=\count192
\c@paragraph=\count193
\c@subparagraph=\count194
\beforechapskip=\skip68
\midchapskip=\skip69
\afterchapskip=\skip70
\chapindent=\skip71
\bottomsectionskip=\skip72
\secindent=\skip73
\beforesecskip=\skip74
\aftersecskip=\skip75
\subsecindent=\skip76
\beforesubsecskip=\skip77
\aftersubsecskip=\skip78
\subsubsecindent=\skip79
\beforesubsubsecskip=\skip80
\aftersubsubsecskip=\skip81
\paraindent=\skip82
\beforeparaskip=\skip83
\afterparaskip=\skip84
\subparaindent=\skip85
\beforesubparaskip=\skip86
\aftersubparaskip=\skip87
\pfbreakskip=\skip88
\c@@ppsavesec=\count195
\c@@ppsaveapp=\count196
\ragrparindent=\dimen138
\everylistparindent=\dimen139
\parsepi=\skip89
\topsepi=\skip90
\itemsepi=\skip91
\parsepii=\skip92
\topsepii=\skip93
\topsepiii=\skip94
\itemsepii=\skip95
\itemsepiii=\skip96
\partopsepii=\skip97
\partopsepiii=\skip98
\m@msavetopsep=\skip99
\m@msavepartopsep=\skip100
\@enLab=\toks16
\abstitleskip=\skip101
\absleftindent=\skip102
\abs@leftindent=\dimen140
\absrightindent=\skip103
\absparindent=\skip104
\absparsep=\skip105
\c@vslineno=\count197
\c@poemline=\count198
\c@modulo@vs=\count199
\c@memfvsline=\count266
\vleftskip=\skip106
\vrightskip=\skip107
\stanzaskip=\skip108
\versewidth=\skip109
\vgap=\skip110
\vindent=\skip111
\vleftmargin=\dimen141
\c@verse=\count267
\c@chrsinstr=\count268
\beforepoemtitleskip=\skip112
\afterpoemtitleskip=\skip113
\c@poem=\count269
\beforePoemTitleskip=\skip114
\midPoemTitleskip=\skip115
\afterPoemTitleskip=\skip116

(/usr/share/texmf-dist/tex/latex/tools/array.sty
Package: array 2021/10/04 v2.5f Tabular extension package (FMi)
\col@sep=\dimen142
\ar@mcellbox=\box50
\extrarowheight=\dimen143
\NC@list=\toks17
\extratabsurround=\skip117
\backup@length=\skip118
\ar@cellbox=\box51
)
(/usr/share/texmf-dist/tex/latex/tools/dcolumn.sty
Package: dcolumn 2014/10/28 v1.06 decimal alignment package (DPC)
)
(/usr/share/texmf-dist/tex/latex/tools/delarray.sty
Package: delarray 2014/10/28 v1.01 array delimiter package (DPC)
)
(/usr/share/texmf-dist/tex/latex/tools/tabularx.sty
Package: tabularx 2020/01/15 v2.11c `tabularx' package (DPC)
\TX@col@width=\dimen144
\TX@old@table=\dimen145
\TX@old@col=\dimen146
\TX@target=\dimen147
\TX@delta=\dimen148
\TX@cols=\count270
\TX@ftn=\toks18
)
\heavyrulewidth=\dimen149
\lightrulewidth=\dimen150
\cmidrulewidth=\dimen151
\belowrulesep=\dimen152
\belowbottomsep=\dimen153
\aboverulesep=\dimen154
\abovetopsep=\dimen155
\cmidrulesep=\dimen156
\cmidrulekern=\dimen157
\defaultaddspace=\dimen158
\@cmidla=\count271
\@cmidlb=\count272
\@aboverulesep=\dimen159
\@belowrulesep=\dimen160
\@thisruleclass=\count273
\@lastruleclass=\count274
\@thisrulewidth=\dimen161
\ctableftskip=\skip119
\ctabrightskip=\skip120
\abovecolumnspenalty=\count275
\@linestogo=\count276
\@cellstogo=\count277
\@cellsincolumn=\count278
\crtok=\toks19
\@mincolumnwidth=\dimen162
\c@newflo@tctr=\count279
\mem@margin@floatbox=\box52
\@contcwidth=\skip121
\@contindw=\skip122
\abovecaptionskip=\skip123
\belowcaptionskip=\skip124
\subfloattopskip=\skip125
\subfloatcapskip=\skip126
\subfloatcaptopadj=\skip127
\subfloatbottomskip=\skip128
\subfloatlabelskip=\skip129
\subfloatcapmargin=\dimen163
\c@@contsubnum=\count280
\m@mscap@capbox=\box53
\m@mscap@fbox=\box54
\sidecapsep=\dimen164
\sidecapwidth=\dimen165
\m@m@tempdima=\dimen166
\m@mscapraise=\dimen167
\sidecapraise=\dimen168
\m@mscapmainwidth=\dimen169
\m@mscaplkern=\dimen170
\beforeepigraphskip=\skip130
\afterepigraphskip=\skip131
\epigraphwidth=\skip132
\epigraphrule=\skip133
LaTeX Info: Redefining \em on input line 7655.
LaTeX Info: Redefining \emph on input line 7663.
\tocentryskip=\skip134
\tocbaseline=\skip135
\cftparskip=\skip136
\cftbeforebookskip=\skip137
\cftbookindent=\dimen171
\cftbooknumwidth=\dimen172
\cftbeforepartskip=\skip138
\cftpartindent=\skip139
\cftpartnumwidth=\skip140
\cftbeforechapterskip=\skip141
\cftchapterindent=\skip142
\cftchapternumwidth=\skip143
\cftbeforesectionskip=\skip144
\cftsectionindent=\skip145
\cftsectionnumwidth=\skip146
\cftbeforesubsectionskip=\skip147
\cftsubsectionindent=\skip148
\cftsubsectionnumwidth=\skip149
\cftbeforesubsubsectionskip=\skip150
\cftsubsubsectionindent=\skip151
\cftsubsubsectionnumwidth=\skip152
\cftbeforeparagraphskip=\skip153
\cftparagraphindent=\skip154
\cftparagraphnumwidth=\skip155
\cftbeforesubparagraphskip=\skip156
\cftsubparagraphindent=\skip157
\cftsubparagraphnumwidth=\skip158
\prechapterprecisshift=\dimen173
\c@maxsecnumdepth=\count281
\bibindent=\dimen174
\bibitemsep=\skip159
\indexcolsep=\skip160
\indexrule=\skip161
\indexmarkstyle=\toks20
\@indexbox=\insert252
\glossarycolsep=\dimen175
\glossaryrule=\dimen176
\sideparvshift=\skip162
\sideins=\insert251
\sidebartopsep=\skip163
\sidebarhsep=\skip164
\sidebarvsep=\skip165
\sidebarwidth=\skip166
\footmarkwidth=\skip167
\footmarksep=\skip168
\footparindent=\skip169
\footinsdim=\skip170
\footinsv@r=\insert250
\@mpfootinsv@r=\insert249
\m@m@k=\count282
\m@m@h=\dimen177
\m@mipn@skip=\skip171
\sidefootins=\insert248
\sidefootadjust=\skip172
\sidefootheight=\skip173
\sidefoothsep=\skip174
\sidefootvsep=\skip175
\sidefootwidth=\skip176
\m@mdownsf=\skip177
\c@sidefootnote=\count283
\sidefootmarkwidth=\skip178
\sidefootmarksep=\skip179
\sidefootparindent=\skip180
\c@pagenote=\count284
\c@pagenoteshadow=\count285
\mem@pn@lastkern=\skip181
\every@verbatim=\toks21
\afterevery@verbatim=\toks22
\verbatim@line=\toks23
\tab@position=\count286
\verbatim@in@stream=\read2
\verbatimindent=\skip182
\verbatim@out=\write3
\bvboxsep=\skip183
\c@memfbvline=\count287
\c@bvlinectr=\count288
\bvnumlength=\skip184
\fb@frw=\dimen178
\fb@frh=\dimen179
\FrameRule=\dimen180
\FrameSep=\dimen181
\c@cp@cntr=\count289
\c@ism@mctr=\count290
\c@xsm@mctr=\count291
\c@csm@mctr=\count292
\c@ksm@mctr=\count293
\c@xksm@mctr=\count294
\c@cksm@mctr=\count295
\c@msm@mctr=\count296
\c@xmsm@mctr=\count297
\c@cmsm@mctr=\count298
\c@bsm@mctr=\count299
\c@workm@mctr=\count300
\c@sheetsequence=\count301
\c@lastsheet=\count302
\c@lastpage=\count303

(/usr/share/texmf-dist/tex/latex/textcase/textcase.sty
Package: textcase 2019/09/14 v1.00 Text only upper/lower case changing (DPC)
)
\c@figure=\count304
\c@lofdepth=\count305
\cftbeforefigureskip=\skip185
\cftfigureindent=\skip186
\cftfigurenumwidth=\skip187
\c@table=\count306
\c@lotdepth=\count307
\cftbeforetableskip=\skip188
\cfttableindent=\skip189
\cfttablenumwidth=\skip190
Package abstract [2008/07/23] emulated by memoir.
Package appendix [2008/07/23] emulated by memoir.
Package booktabs [2016/05/16] emulated by memoir.
Package ccaption [2008/07/23] emulated by memoir.
Package changepage [2008/07/23] emulated by memoir.
Package chngcntr [2008/07/23] emulated by memoir.
Package chngpage [2008/07/23] emulated by memoir.
Package crop emulated by memoir.
Package enumerate [2008/07/23] emulated by memoir.
Package epigraph [2008/07/23] emulated by memoir.
Package ifmtarg [2008/07/23] emulated by memoir.
Package index [2008/07/23] emulated by memoir.
Package makeidx [2008/07/23] emulated by memoir.
Package moreverb [2008/07/23] emulated by memoir.
Package needspace [2008/07/23] emulated by memoir.
Package newfile [2008/07/23] emulated by memoir.
Package nextpage [2008/07/23] emulated by memoir.
Package pagenote [2008/07/23] emulated by memoir.
Package parskip [2008/07/23] emulated by memoir.
Package patchcmd [2008/07/23] emulated by memoir.
Package setspace [2008/07/23] emulated by memoir.
Package shortvrb [2008/07/23] emulated by memoir.
Package showidx [2008/07/23] emulated by memoir.
Package titleref [2008/07/23] emulated by memoir.
Package titling [2008/07/23] emulated by memoir.
Package tocbibind [2008/07/23] emulated by memoir.
Package tocloft [2008/07/23] emulated by memoir.
Package tocvsec2 [2008/07/23] emulated by memoir.
Package verbatim [2008/07/23] emulated by memoir.
Package verse [2008/07/23] emulated by memoir.
)

******************************************************
Stock height and width: 625.96062pt by 441.01772pt
Top and edge trims: 0pt and 0pt
Page height and width: 625.96062pt by 441.01772pt
Text height and width: 478pt by 330pt
Spine and edge margins: 51.21495pt and 59.75081pt
Upper and lower margins: 64.682pt and 83.27861pt
Headheight and headsep: 12pt and 18.06749pt
Footskip: 25.29494pt
Columnsep and columnseprule: 10pt and 0pt
Marginparsep and marginparwidth: 7pt and 45.75081pt
Sidecapsep and sidecapwidth: 7pt and 128pt
Sidebarhsep and sidebarwidth: 7pt and 128pt
Sidebarvsep and sidebartopsep: 12pt and 0pt
Sidebarheight: 548.39996pt
Sidefoothsep and sidefootwidth: 7pt and 128pt
Sidefootvsep and sidefootheight: 12pt and 548.39996pt
******************************************************

(/usr/share/texmf-dist/tex/latex/yafoot/fnpos.sty
Package: fnpos 2018/09/03 v1.1 
) (./ekdosis.sty
Package: ekdosis 2022/01/17 v1.5-dev Typesetting TEI xml-compliant critical edi
tions

(/usr/share/texmf-dist/tex/generic/expkv-opt/expkv-opt.sty
Package: expkv-opt 2021-04-04 v0.2 parse class and package options with expkv

(/usr/share/texmf-dist/tex/latex/expkv/expkv.sty
(/usr/share/texmf-dist/tex/generic/expkv/expkv.tex
File: expkv.tex 2021-09-20 v1.9a an expandable key=val implementation
)
Package: expkv 2021-09-20 v1.9a an expandable key=val implementation
))
(/usr/share/texmf-dist/tex/latex/expkv-def/expkv-def.sty
(/usr/share/texmf-dist/tex/generic/expkv-def/expkv-def.tex
(/usr/share/texmf-dist/tex/generic/expkv/expkv.tex)
File: expkv-def.tex 2022-01-29 v0.9 a key-defining frontend for expkv
)
Package: expkv-def 2022-01-29 v0.9 a key-defining frontend for expkv
)
(/usr/share/texmf-dist/tex/lualatex/luacode/luacode.sty
Package: luacode 2012/01/23 v1.2a lua-in-tex helpers (mpg)

(/usr/share/texmf-dist/tex/generic/iftex/ifluatex.sty
Package: ifluatex 2019/10/25 v1.5 ifluatex legacy package. Use iftex instead.
)
(/usr/share/texmf-dist/tex/luatex/luatexbase/luatexbase.sty
Package: luatexbase 2015/10/04 v1.3 luatexbase interface to LuaTeX 

(/usr/share/texmf-dist/tex/luatex/ctablestack/ctablestack.sty
Package: ctablestack 2015/10/01 v1.0 Catcode table stable support
\@catcodetablestackcnt=\count308
)
\CatcodeTableOther=\catcodetable12
\CatcodeTableExpl=\catcodetable13
)
\luacode@lines=\toks24
\luacode@table@soft=\catcodetable14
)
(/usr/share/texmf-dist/tex/latex/paracol/paracol.sty
Package: paracol 2018/12/31 v1.35 
\pcol@currcol=\count309
\pcol@nextcol=\count310
\pcol@ncol=\count311
\pcol@ncolleft=\count312
\pcol@page=\count313
\pcol@basepage=\count314
\pcol@toppage=\count315
\pcol@footnotebase=\count316
\pcol@nfootnotes=\count317
\pcol@mcid=\count318
\pcol@prevdepth=\dimen182
\pcol@colht=\dimen183
\pcol@textfloatsep=\dimen184
\pcol@lrmargin=\dimen185
\pagerim=\dimen186
\pcol@topskip=\skip191
\belowfootnoteskip=\skip192
\pcol@topfnotes=\box55
\pcol@prespan=\box56
\pcol@rightpage=\box57
\pcol@colorstack@saved=\box58
\pcol@tempboxa=\box59
\pcol@tempboxb=\box60
\pcol@colorins=\insert247
\pcol@everyvbox=\toks25
)
(/usr/share/texmf-dist/tex/latex/lineno/lineno.sty
Package: lineno 2005/11/02 line numbers on paragraphs v4.41
\linenopenalty=\count319
\output=\toks26
\linenoprevgraf=\count320
\linenumbersep=\dimen187
\linenumberwidth=\dimen188
\c@linenumber=\count321
\c@pagewiselinenumber=\count322
\c@LN@truepage=\count323
\c@internallinenumber=\count324
\c@internallinenumbers=\count325
\quotelinenumbersep=\dimen189
\bframerule=\dimen190
\bframesep=\dimen191
\bframebox=\box61
LaTeX Info: Redefining \\ on input line 3056.
)
(/usr/share/texmf-dist/tex/latex/trivfloat/trivfloat.sty
Package: trivfloat 2009/04/23 v1.4 Quick floats in LaTeX
\c@tfl@float@cnt=\count326
LaTeX Info: Redefining \tfl@uppercase on input line 223.
)
(/usr/share/texmf-dist/tex/latex/refcount/refcount.sty
Package: refcount 2019/12/15 v3.6 Data extraction from label references (HO)

(/usr/share/texmf-dist/tex/generic/ltxcmds/ltxcmds.sty
Package: ltxcmds 2020-05-10 v1.25 LaTeX kernel commands for general use (HO)
)
(/usr/share/texmf-dist/tex/generic/infwarerr/infwarerr.sty
Package: infwarerr 2019/12/03 v1.5 Providing info/warning/error messages (HO)
))
(/usr/share/texmf-dist/tex/latex/zref/zref-user.sty
Package: zref-user 2022-04-07 v2.34 Module user for zref (HO)

(/usr/share/texmf-dist/tex/latex/zref/zref-base.sty
Package: zref-base 2022-04-07 v2.34 Module base for zref (HO)

(/usr/share/texmf-dist/tex/generic/kvsetkeys/kvsetkeys.sty
Package: kvsetkeys 2019/12/15 v1.18 Key value parser (HO)
)
(/usr/share/texmf-dist/tex/generic/kvdefinekeys/kvdefinekeys.sty
Package: kvdefinekeys 2019-12-19 v1.6 Define keys (HO)
)
(/usr/share/texmf-dist/tex/generic/pdftexcmds/pdftexcmds.sty
Package: pdftexcmds 2020-06-27 v0.33 Utility functions of pdfTeX for LuaTeX (HO
)
Package pdftexcmds Info: \pdf@primitive is available.
Package pdftexcmds Info: \pdf@ifprimitive is available.
Package pdftexcmds Info: \pdfdraftmode found.
\pdftexcmds@toks=\toks27
)
(/usr/share/texmf-dist/tex/generic/etexcmds/etexcmds.sty
Package: etexcmds 2019/12/15 v1.7 Avoid name clashes with e-TeX commands (HO)
)
(/usr/share/texmf-dist/tex/latex/auxhook/auxhook.sty
Package: auxhook 2019-12-17 v1.6 Hooks for auxiliary files (HO)
)
Package zref Info: New property list: main on input line 767.
Package zref Info: New property: default on input line 768.
Package zref Info: New property: page on input line 769.
))
(/usr/share/texmf-dist/tex/latex/zref/zref-abspage.sty
Package: zref-abspage 2022-04-07 v2.34 Module abspage for zref (HO)

(/usr/share/texmf-dist/tex/latex/base/atbegshi-ltx.sty
Package: atbegshi-ltx 2021/01/10 v1.0c Emulation of the original atbegshi
package with kernel methods
)
\c@abspage=\count327
Package zref Info: New property: abspage on input line 65.
)
(/usr/share/texmf-dist/tex/latex/ifoddpage/ifoddpage.sty
Package: ifoddpage 2016/04/23 v1.1 Conditionals for odd/even page detection
\c@checkoddpage=\count328
LaTeX Info: Redefining \checkoddpage on input line 45.
)
\ekd@app@height=\dimen192
\c@ekd@pb=\count329
\c@ekd@lab=\count330
\c@ekd@vpnum=\count331
\vwidth@val=\dimen193
\ekdspace=\skip193
)
(./sanskrit-poetry.sty
Package: sanskrit-poetry 2021/09/03 v0.3 sanskrit verse typesetting
 (/usr/share/texmf-dist/tex/generic/xstring/xstring.sty
(/usr/share/texmf-dist/tex/generic/xstring/xstring.tex
\integerpart=\count332
\decimalpart=\count333
)
Package: xstring 2021/07/21 v1.84 String manipulations (CT)
)
\c@ekd@padanum=\count334
\vnumskip=\skip194
\c@saved@poemline=\count335
)
(/usr/share/texmf-dist/tex/latex/xcolor/xcolor.sty
Package: xcolor 2021/10/31 v2.13 LaTeX color extensions (UK)

(/usr/share/texmf-dist/tex/latex/graphics-cfg/color.cfg
File: color.cfg 2016/01/02 v1.6 sample color configuration
)
Package xcolor Info: Driver file: luatex.def on input line 227.

(/usr/share/texmf-dist/tex/latex/graphics-def/luatex.def
File: luatex.def 2021/06/01 v1.2c Graphics/color driver for luatex
)
Package xcolor Info: Model `cmy' substituted by `cmy0' on input line 1352.
Package xcolor Info: Model `hsb' substituted by `rgb' on input line 1356.
Package xcolor Info: Model `RGB' extended on input line 1368.
Package xcolor Info: Model `HTML' substituted by `rgb' on input line 1370.
Package xcolor Info: Model `Hsb' substituted by `hsb' on input line 1371.
Package xcolor Info: Model `tHsb' substituted by `hsb' on input line 1372.
Package xcolor Info: Model `HSB' substituted by `hsb' on input line 1373.
Package xcolor Info: Model `Gray' substituted by `gray' on input line 1374.
Package xcolor Info: Model `wave' substituted by `hsb' on input line 1375.
)
(/usr/share/texmf-dist/tex/generic/babel/babel.sty
Package: babel 2022/02/26 3.73 The Babel package

(/usr/share/texmf-dist/tex/generic/babel/luababel.def
\bbl@readstream=\read3
\l@dumylang=\language2
Package babel Info: Non-standard hyphenation setup on input line 118.
\l@nohyphenation=\language3
\l@german-x-2022-03-16=\language4
\l@ngerman-x-2022-03-16=\language5
\l@afrikaans=\language6
\l@ancientgreek=\language7
\l@ibycus=\language8
\l@arabic=\language9
\l@armenian=\language10
\l@basque=\language11
\l@belarusian=\language12
\l@bulgarian=\language13
\l@catalan=\language14
\l@pinyin=\language15
\l@churchslavonic=\language16
\l@coptic=\language17
\l@croatian=\language18
\l@czech=\language19
\l@danish=\language20
\l@dutch=\language21
\l@ukenglish=\language22
\l@usenglishmax=\language23
\l@esperanto=\language24
\l@estonian=\language25
\l@ethiopic=\language26
\l@farsi=\language27
\l@finnish=\language28
\l@schoolfinnish=\language29
\l@french=\language30
\l@friulan=\language31
\l@galician=\language32
\l@georgian=\language33
\l@german=\language34
\l@ngerman=\language35
\l@swissgerman=\language36
\l@greek=\language37
\l@monogreek=\language38
\l@hungarian=\language39
\l@icelandic=\language40
\l@assamese=\language41
\l@bengali=\language42
\l@gujarati=\language43
\l@hindi=\language44
\l@kannada=\language45
\l@malayalam=\language46
\l@marathi=\language47
\l@oriya=\language48
\l@pali=\language49
\l@panjabi=\language50
\l@tamil=\language51
\l@telugu=\language52
\l@indonesian=\language53
\l@interlingua=\language54
\l@irish=\language55
\l@italian=\language56
\l@kurmanji=\language57
\l@classiclatin=\language58
\l@latin=\language59
\l@liturgicallatin=\language60
\l@latvian=\language61
\l@lithuanian=\language62
\l@macedonian=\language63
\l@mongolian=\language64
\l@mongolianlmc=\language65
\l@bokmal=\language66
\l@nynorsk=\language67
\l@occitan=\language68
\l@piedmontese=\language69
\l@polish=\language70
\l@portuguese=\language71
\l@romanian=\language72
\l@romansh=\language73
\l@russian=\language74
\l@sanskrit=\language75
\l@serbian=\language76
\l@serbianc=\language77
\l@slovak=\language78
\l@slovenian=\language79
\l@spanish=\language80
\l@swedish=\language81
\l@thai=\language82
\l@turkish=\language83
\l@turkmen=\language84
\l@ukrainian=\language85
\l@uppersorbian=\language86
\l@welsh=\language87
\babelcatcodetablenum=\catcodetable15
\bbl@pattcodes=\catcodetable16
)
\babel@savecnt=\count336
\U@D=\dimen194
\l@unhyphenated=\language88

(/usr/share/texmf-dist/tex/generic/babel/luababel.def
\bbl@attr@locale=\attribute4
)
(/usr/share/texmf-dist/tex/generic/babel-english/english.ldf
Language: english 2017/06/06 v3.3r English support from the babel system
Package babel Info: Hyphen rules for 'canadian' set to \l@english
(babel)             (\language0). Reported on input line 102.
Package babel Info: Hyphen rules for 'australian' set to \l@ukenglish
(babel)             (\language22). Reported on input line 105.
Package babel Info: Hyphen rules for 'newzealand' set to \l@ukenglish
(babel)             (\language22). Reported on input line 108.
))
(./babel-iast.sty
Package: babel-iast 
Package babel Info: Importing data for iast
(babel)             from babel-sa-Deva.ini. Reported on input line 2.
Package babel Info: Hyphen rules for 'iast' set to \l@sanskrit
(babel)             (\language75). Reported on input line 2.
Inserting `Babel.hyphenate' at position 1 in `hyphenate'.)
(/usr/share/texmf-dist/tex/latex/l3packages/xparse/xparse.sty
(/usr/share/texmf-dist/tex/latex/l3kernel/expl3.sty
Package: expl3 2022-04-10 L3 programming layer (loader) 

(/usr/share/texmf-dist/tex/latex/l3backend/l3backend-luatex.def
File: l3backend-luatex.def 2022-04-14 L3 backend support: PDF output (LuaTeX)
\l__color_backend_stack_int=\count337
\l__pdf_internal_box=\box62
))
Package: xparse 2022-01-12 L3 Experimental document command parser
)
(/usr/share/texmf-dist/tex/latex/fontspec/fontspec.sty
Package: fontspec 2022/01/15 v2.8a Font selection for XeLaTeX and LuaLaTeX
Lua module: fontspec 2022/01/15 2.8a Font selection for XeLaTeX and LuaLaTeX
(/usr/share/texmf-dist/tex/latex/fontspec/fontspec-luatex.sty
Package: fontspec-luatex 2022/01/15 v2.8a Font selection for XeLaTeX and LuaLaT
eX
\l__fontspec_script_int=\count338
\l__fontspec_language_int=\count339
\l__fontspec_strnum_int=\count340
\l__fontspec_tmp_int=\count341
\l__fontspec_tmpa_int=\count342
\l__fontspec_tmpb_int=\count343
\l__fontspec_tmpc_int=\count344
\l__fontspec_em_int=\count345
\l__fontspec_emdef_int=\count346
\l__fontspec_strong_int=\count347
\l__fontspec_strongdef_int=\count348
\l__fontspec_tmpa_dim=\dimen195
\l__fontspec_tmpb_dim=\dimen196
\l__fontspec_tmpc_dim=\dimen197

(/usr/share/texmf-dist/tex/latex/base/fontenc.sty
Package: fontenc 2021/04/29 v2.0v Standard LaTeX package
)
(/usr/share/texmf-dist/tex/latex/fontspec/fontspec.cfg)))
(/usr/share/texmf-dist/tex/generic/babel/locale/en/babel-english.tex
Package babel Info: Importing font and identification data for english
(babel)             from babel-en.ini. Reported on input line 11.
)
(./Manuscript-Sigla.tex) (./TeX2Tei-Commands.tex)) (./CommStyle.tex)
(./HP1_TranslComm.aux

Package babel Info: The following font families will use the default
(babel)             settings for all or some languages:
(babel)             * \rmfamily = lmr
(babel)               [lmroman10-regular]:+tlig;
(babel)             * \sffamily = lmss
(babel)               [lmsans10-regular]:+tlig;
(babel)             * \ttfamily = lmtt
(babel)               [lmmono10-regular]:
(babel)             There is nothing intrinsically wrong with it, but
(babel)             'babel' will no set Script and Language, which could
(babel)             be relevant in some languages. If your document uses
(babel)             these families, consider redefining them with \babelfont.
(babel)             Reported on input line 5.

luaotfload | cache : Lookup cache loaded from /home/max/.texlive/texmf-var/luate
x-cache/generic/names/luaotfload-lookup-cache.luc.
luaotfload | aux : font no 22 (nil) defines no feature for script latn with lang
uage eng

Package fontspec Warning: Font 'AdobeTextPro' is using the
(fontspec)                default features for language 'English'.
(fontspec)                That's usually fine, because many languages
(fontspec)                require no specific features, but if the output is
(fontspec)                not as expected, consider selecting another font.

luaotfload | aux : font no 29 (nil) does not define feature smcp for script latn
 with language dflt
luaotfload | aux : font no 30 (nil) does not define feature smcp for script latn
 with language dflt

Package fontspec Info: Font family 'AdobeTextPro(0)' created for font 'Adobe
(fontspec)             Text Pro' with options
(fontspec)             [Ligatures=TeX,Script=Latin,Language=English,Scale=0.9].

(fontspec)              
(fontspec)              This font family consists of the following NFSS
(fontspec)             series/shapes:
(fontspec)              
(fontspec)             - 'normal' (m/n) with NFSS spec.:
(fontspec)             <->s*[0.9]"AdobeTextPro:mode=node;script=latn;language=d
flt;+tlig;"
(fontspec)             - 'small caps'  (m/sc) with NFSS spec.:
(fontspec)             <->s*[0.9]"AdobeTextPro:mode=node;script=latn;language=d
flt;+tlig;+smcp;"
(fontspec)             - 'bold' (b/n) with NFSS spec.:
(fontspec)             <->s*[0.9]"AdobeTextPro/B:mode=node;script=latn;language
=dflt;+tlig;"
(fontspec)             - 'bold small caps'  (b/sc) with NFSS spec.:
(fontspec)             <->s*[0.9]"AdobeTextPro/B:mode=node;script=latn;language
=dflt;+tlig;+smcp;"
(fontspec)             - 'italic' (m/it) with NFSS spec.:
(fontspec)             <->s*[0.9]"AdobeTextPro/I:mode=node;script=latn;language
=dflt;+tlig;"
(fontspec)             - 'italic small caps'  (m/scit) with NFSS spec.: 
(fontspec)             - 'bold italic' (b/it) with NFSS spec.:
(fontspec)             <->s*[0.9]"AdobeTextPro/BI:mode=node;script=latn;languag
e=dflt;+tlig;"
(fontspec)             - 'bold italic small caps'  (b/scit) with NFSS spec.: 

LaTeX Font Info:    Font shape `TU/AdobeTextPro(0)/m/n' will be
(Font)              scaled to size 8.99994pt on input line 7.
)
\openout1 = HP1_TranslComm.aux

LaTeX Font Info:    Checking defaults for OML/cmm/m/it on input line 3.
LaTeX Font Info:    ... okay on input line 3.
LaTeX Font Info:    Checking defaults for OMS/cmsy/m/n on input line 3.
LaTeX Font Info:    ... okay on input line 3.
LaTeX Font Info:    Checking defaults for OT1/cmr/m/n on input line 3.
LaTeX Font Info:    ... okay on input line 3.
LaTeX Font Info:    Checking defaults for T1/cmr/m/n on input line 3.
LaTeX Font Info:    ... okay on input line 3.
LaTeX Font Info:    Checking defaults for TS1/cmr/m/n on input line 3.
LaTeX Font Info:    Trying to load font information for TS1+cmr on input line 3
.
 (/usr/share/texmf-dist/tex/latex/base/ts1cmr.fd
File: ts1cmr.fd 2019/12/16 v2.5j Standard LaTeX font definitions
)
LaTeX Font Info:    ... okay on input line 3.
LaTeX Font Info:    Checking defaults for TU/lmr/m/n on input line 3.
LaTeX Font Info:    ... okay on input line 3.
LaTeX Font Info:    Checking defaults for OMX/cmex/m/n on input line 3.
LaTeX Font Info:    ... okay on input line 3.
LaTeX Font Info:    Checking defaults for U/cmr/m/n on input line 3.
LaTeX Font Info:    ... okay on input line 3.
\c@ekdapparatus=\count349
\c@loadepth=\count350
\cftbeforeekdapparatusskip=\skip195
\cftekdapparatusindent=\skip196
\cftekdapparatusnumwidth=\skip197

(/usr/share/texmf-dist/tex/context/base/mkii/supp-pdf.mkii
[Loading MPS to PDF converter (version 2006.09.02).]
\scratchcounter=\count351
\scratchdimen=\dimen198
\scratchbox=\box63
\nofMPsegments=\count352
\nofMParguments=\count353
\everyMPshowfont=\toks28
\MPscratchCnt=\count354
\MPscratchDim=\dimen199
\MPnumerator=\count355
\makeMPintoPDFobject=\count356
\everyMPtoPDFconversion=\toks29
)

Package fontspec Info: Adjusting the maths setup (use [no-math] to avoid
(fontspec)             this).

\symlegacymaths=\mathgroup4
LaTeX Font Info:    Overwriting symbol font `legacymaths' in version `bold'
(Font)                  OT1/cmr/m/n --> OT1/cmr/bx/n on input line 3.
LaTeX Font Info:    Redeclaring math accent \acute on input line 3.
LaTeX Font Info:    Redeclaring math accent \grave on input line 3.
LaTeX Font Info:    Redeclaring math accent \ddot on input line 3.
LaTeX Font Info:    Redeclaring math accent \tilde on input line 3.
LaTeX Font Info:    Redeclaring math accent \bar on input line 3.
LaTeX Font Info:    Redeclaring math accent \breve on input line 3.
LaTeX Font Info:    Redeclaring math accent \check on input line 3.
LaTeX Font Info:    Redeclaring math accent \hat on input line 3.
LaTeX Font Info:    Redeclaring math accent \dot on input line 3.
LaTeX Font Info:    Redeclaring math accent \mathring on input line 3.
LaTeX Font Info:    Redeclaring math symbol \colon on input line 3.
LaTeX Font Info:    Redeclaring math symbol \Gamma on input line 3.
LaTeX Font Info:    Redeclaring math symbol \Delta on input line 3.
LaTeX Font Info:    Redeclaring math symbol \Theta on input line 3.
LaTeX Font Info:    Redeclaring math symbol \Lambda on input line 3.
LaTeX Font Info:    Redeclaring math symbol \Xi on input line 3.
LaTeX Font Info:    Redeclaring math symbol \Pi on input line 3.
LaTeX Font Info:    Redeclaring math symbol \Sigma on input line 3.
LaTeX Font Info:    Redeclaring math symbol \Upsilon on input line 3.
LaTeX Font Info:    Redeclaring math symbol \Phi on input line 3.
LaTeX Font Info:    Redeclaring math symbol \Psi on input line 3.
LaTeX Font Info:    Redeclaring math symbol \Omega on input line 3.
LaTeX Font Info:    Redeclaring math symbol \mathdollar on input line 3.
LaTeX Font Info:    Redeclaring symbol font `operators' on input line 3.
LaTeX Font Info:    Encoding `OT1' has changed to `TU' for symbol font
(Font)              `operators' in the math version `normal' on input line 3.
LaTeX Font Info:    Overwriting symbol font `operators' in version `normal'
(Font)                  OT1/cmr/m/n --> TU/AdobeTextPro(0)/m/n on input line 3.

LaTeX Font Info:    Encoding `OT1' has changed to `TU' for symbol font
(Font)              `operators' in the math version `bold' on input line 3.
LaTeX Font Info:    Overwriting symbol font `operators' in version `bold'
(Font)                  OT1/cmr/bx/n --> TU/AdobeTextPro(0)/m/n on input line 3
.
LaTeX Font Info:    Overwriting symbol font `operators' in version `normal'
(Font)                  TU/AdobeTextPro(0)/m/n --> TU/AdobeTextPro(0)/m/n on in
put line 3.
LaTeX Font Info:    Overwriting math alphabet `\mathit' in version `normal'
(Font)                  OT1/cmr/m/it --> TU/AdobeTextPro(0)/m/it on input line 
3.
LaTeX Font Info:    Overwriting math alphabet `\mathbf' in version `normal'
(Font)                  OT1/cmr/bx/n --> TU/AdobeTextPro(0)/b/n on input line 3
.
LaTeX Font Info:    Overwriting math alphabet `\mathsf' in version `normal'
(Font)                  OT1/cmss/m/n --> TU/lmss/m/n on input line 3.
LaTeX Font Info:    Overwriting math alphabet `\mathtt' in version `normal'
(Font)                  OT1/cmtt/m/n --> TU/lmtt/m/n on input line 3.
LaTeX Font Info:    Overwriting symbol font `operators' in version `bold'
(Font)                  TU/AdobeTextPro(0)/m/n --> TU/AdobeTextPro(0)/b/n on in
put line 3.
LaTeX Font Info:    Overwriting math alphabet `\mathit' in version `bold'
(Font)                  OT1/cmr/bx/it --> TU/AdobeTextPro(0)/b/it on input line
 3.
LaTeX Font Info:    Overwriting math alphabet `\mathsf' in version `bold'
(Font)                  OT1/cmss/bx/n --> TU/lmss/b/n on input line 3.
LaTeX Font Info:    Overwriting math alphabet `\mathtt' in version `bold'
(Font)                  OT1/cmtt/m/n --> TU/lmtt/b/n on input line 3.
LaTeX Font Info:    Font shape `TU/AdobeTextPro(0)/m/n' will be
(Font)              scaled to size 18.66588pt on input line 2395.
LaTeX Font Info:    Font shape `TU/AdobeTextPro(0)/bx/n' in size <20.74> not av
ailable
(Font)              Font shape `TU/AdobeTextPro(0)/b/n' tried instead on input 
line 2395.
LaTeX Font Info:    Font shape `TU/AdobeTextPro(0)/b/n' will be
(Font)              scaled to size 18.66588pt on input line 2395.
LaTeX Font Info:    Font shape `TU/AdobeTextPro(0)/m/n' will be
(Font)              scaled to size 7.19995pt on input line 2395.
LaTeX Font Info:    Font shape `TU/AdobeTextPro(0)/m/n' will be
(Font)              scaled to size 9.85492pt on input line 2395.
LaTeX Font Info:    Font shape `TU/AdobeTextPro(0)/bx/n' in size <10.95> not av
ailable
(Font)              Font shape `TU/AdobeTextPro(0)/b/n' tried instead on input 
line 2395.
LaTeX Font Info:    Font shape `TU/AdobeTextPro(0)/b/n' will be
(Font)              scaled to size 9.85492pt on input line 2395.
LaTeX Font Info:    Font shape `TU/AdobeTextPro(0)/bx/n' in size <10> not avail
able
(Font)              Font shape `TU/AdobeTextPro(0)/b/n' tried instead on input 
line 2395.
LaTeX Font Info:    Font shape `TU/AdobeTextPro(0)/b/n' will be
(Font)              scaled to size 8.99994pt on input line 2395.

Underfull \hbox (badness 10000) in paragraph at lines 2395--2395
[][]\TU/AdobeTextPro(0)/b/n/10 Tes-ti-mo-nia:[]
 []

LaTeX Font Info:    Font shape `TU/AdobeTextPro(0)/m/it' will be
(Font)              scaled to size 8.99994pt on input line 2395.
LaTeX Font Info:    Font shape `TU/AdobeTextPro(0)/m/it' will be
(Font)              scaled to size 7.19995pt on input line 2395.

Overfull \hbox (1.51027pt too wide) in paragraph at lines 2395--2395
[][]\TU/AdobeTextPro(0)/b/n/10 Comm.:[] \TU/AdobeTextPro(0)/m/n/10 The read-ing \TU/AdobeTextPro(0)/m/it/10 r
ā-jasaudha \TU/AdobeTextPro(0)/m/n/10 is prefer-able for po-et-i-cal rea-sons, as ex-plained in Hanneder
 []


Overfull \hbox (12.24063pt too wide) in paragraph at lines 2395--2395
\TU/AdobeTextPro(0)/m/it/10 natasaud-ham āroḍhum ic-chor ad-hi-ro-hiṇy an
āyāsena saud-haprāpikā bha-vati evaṃ haṭhadīpikāpi
 []


Underfull \vbox (badness 10000) has occurred while \output is active []

 [1


{/var/lib/texmf/fonts/map/pdftex/updmap/pdftex.map}]
Underfull \hbox (badness 10000) in paragraph at lines 2395--2395
[][]\TU/AdobeTextPro(0)/b/n/10 Tes-ti-mo-nia:[]
 []


Overfull \hbox (9.99394pt too wide) in paragraph at lines 2395--2395
\TU/AdobeTextPro(0)/m/n/10 1.3b. While this read-ing is well at-tested by the ma
nuscripts trans-mis-sion of the \TU/AdobeTextPro(0)/m/it/10 Haṭhapradīpikā
 []


Overfull \hbox (2.18799pt too wide) in paragraph at lines 2395--2395
\TU/AdobeTextPro(0)/m/n/10 and some manuscripts of the \TU/AdobeTextPro(0)/m/it
/10 Haṭharat-nā-valī \TU/AdobeTextPro(0)/m/n/10 (note that P,T,t1 of the cri
t-i-cal edi-tion [Gharote
 []

LaTeX Font Info:    Font shape `TU/AdobeTextPro(0)/m/n' will be
(Font)              scaled to size 8.09995pt on input line 2395.
[2]
Underfull \hbox (badness 10000) in paragraph at lines 2395--2395
[][]\TU/AdobeTextPro(0)/b/n/10 Tes-ti-mo-nia:[]
 []


Underfull \hbox (badness 10000) in paragraph at lines 2395--2395
[][]\TU/AdobeTextPro(0)/b/n/10 Tes-ti-mo-nia:[]
 []


Underfull \hbox (badness 10000) in paragraph at lines 2395--2395
[][]\TU/AdobeTextPro(0)/b/n/10 Tes-ti-mo-nia:[]
 []

[3]
Overfull \hbox (0.72734pt too wide) in paragraph at lines 2395--2395
[]\TU/AdobeTextPro(0)/b/n/10 Transl.:[] \TU/AdobeTextPro(0)/m/n/10 Kān-erī, P
ūjyapāda, Nityanātha, Ni-rañ-jana, Kapālī, Bindunātha, and the one named
 []


Underfull \hbox (badness 10000) in paragraph at lines 2395--2395
[][]\TU/AdobeTextPro(0)/b/n/10 Tes-ti-mo-nia:[]
 []


Underfull \hbox (badness 10000) in paragraph at lines 2395--2395
[][]\TU/AdobeTextPro(0)/b/n/10 Tes-ti-mo-nia:[]
 []

[4]
Overfull \hbox (16.25652pt too wide) in paragraph at lines 2395--2395
\TU/AdobeTextPro(0)/m/n/10 10.45 (check) and Va-jrapāṇi’s \TU/AdobeTextPro
(0)/m/it/10 Laghutantraṭīkā\TU/AdobeTextPro(0)/m/n/10 , p.45 (\TU/AdobeText
Pro(0)/m/it/10 vīrāḥ khaṇḍakāpā-likā-dayaś caturviṃśatiḥ\TU/Ad
obeTextPro(0)/m/n/10 ).
 []


Underfull \hbox (badness 10000) in paragraph at lines 2395--2395
[][]\TU/AdobeTextPro(0)/b/n/10 Tes-ti-mo-nia:[]
 []


Underfull \hbox (badness 10000) in paragraph at lines 2395--2395
[][]\TU/AdobeTextPro(0)/b/n/10 Tes-ti-mo-nia:[]
 []

[5]
Overfull \hbox (7.42325pt too wide) in paragraph at lines 2395--2395
[][]\TU/AdobeTextPro(0)/b/n/10 Comm.:[] \TU/AdobeTextPro(0)/m/n/10 The com-pound
 \TU/AdobeTextPro(0)/m/it/10 saṃsāratāpa° \TU/AdobeTextPro(0)/m/n/10 is wel
l at-tested and found else-where (e.g., \TU/AdobeTextPro(0)/m/it/10 Viṣṇupur
āṇa
 []


Overfull \hbox (10.37714pt too wide) in paragraph at lines 2395--2395
\TU/AdobeTextPro(0)/m/n/10 6.7.62, \TU/AdobeTextPro(0)/m/it/10 Ag-nipurāṇa \
TU/AdobeTextPro(0)/m/n/10 371.1, \TU/AdobeTextPro(0)/m/it/10 Haṭhatattvakau-mu
dī \TU/AdobeTextPro(0)/m/n/10 38.92, em-ph-Haṭhāb-hyās-apad-dhati ms. 46/44
0,
 []


Underfull \hbox (badness 10000) in paragraph at lines 2395--2395
[][]\TU/AdobeTextPro(0)/b/n/10 Sources:[]
 []


Underfull \hbox (badness 10000) in paragraph at lines 2395--2395
[][]\TU/AdobeTextPro(0)/b/n/10 Tes-ti-mo-nia:[]
 []


Underfull \hbox (badness 10000) in paragraph at lines 2395--2395
[][]\TU/AdobeTextPro(0)/b/n/10 Sources:[]
 []


Underfull \hbox (badness 10000) in paragraph at lines 2395--2395
[][]\TU/AdobeTextPro(0)/b/n/10 Tes-ti-mo-nia:[]
 []

[6]
Underfull \hbox (badness 10000) in paragraph at lines 2395--2395
[][]\TU/AdobeTextPro(0)/b/n/10 Sources:[]
 []


Underfull \hbox (badness 10000) in paragraph at lines 2395--2395
[][]\TU/AdobeTextPro(0)/b/n/10 Tes-ti-mo-nia:[]
 []

[7]
Underfull \hbox (badness 10000) in paragraph at lines 2395--2395
[][]\TU/AdobeTextPro(0)/b/n/10 Sources:[]
 []


Underfull \hbox (badness 10000) in paragraph at lines 2395--2395
[][]\TU/AdobeTextPro(0)/b/n/10 Tes-ti-mo-nia:[]
 []


Underfull \vbox (badness 1946) has occurred while \output is active []

 [8]
Underfull \hbox (badness 10000) in paragraph at lines 2395--2395
[][]\TU/AdobeTextPro(0)/b/n/10 Tes-ti-mo-nia:[]
 []


Overfull \hbox (13.71295pt too wide) in paragraph at lines 2395--2395
[]\TU/AdobeTextPro(0)/m/it/10 śī-to-dak-ena prā-taḥs-nā-nanak-tab-ho-janap
halāhārādirū-paniya-masya gra-haṇaṃ niya-
 []


Overfull \hbox (1.81625pt too wide) in paragraph at lines 2395--2395
[][]\TU/AdobeTextPro(0)/b/n/10 Comm.:[] \TU/AdobeTextPro(0)/m/n/10 It is im-pos-
si-ble to be cer-tain about the mean-ing of \TU/AdobeTextPro(0)/m/it/10 niya-m-a
-graha\TU/AdobeTextPro(0)/m/n/10 , as the manuscripts
 []


Overfull \hbox (3.80978pt too wide) in paragraph at lines 2395--2395
\TU/AdobeTextPro(0)/m/it/10 graha \TU/AdobeTextPro(0)/m/n/10 and takes it as tho
ugh \TU/AdobeTextPro(0)/m/it/10 āgraha \TU/AdobeTextPro(0)/m/n/10 was im-plied,
 which yields the mean-ing of ‘over-insistence
 []

[9]
Underfull \hbox (badness 10000) in paragraph at lines 2395--2395
[][]\TU/AdobeTextPro(0)/b/n/10 Sources:[]
 []


Underfull \hbox (badness 10000) in paragraph at lines 2395--2395
[][]\TU/AdobeTextPro(0)/b/n/10 Tes-ti-mo-nia:[]
 []

[10]
Underfull \hbox (badness 10000) in paragraph at lines 2395--2395
[][]\TU/AdobeTextPro(0)/b/n/10 Tes-ti-mo-nia:[]
 []


Underfull \hbox (badness 10000) in paragraph at lines 2395--2395
[][]\TU/AdobeTextPro(0)/b/n/10 Tes-ti-mo-nia:[]
 []

[11]
Underfull \hbox (badness 10000) in paragraph at lines 2395--2395
[][]\TU/AdobeTextPro(0)/b/n/10 Sources:[]
 []


Underfull \hbox (badness 10000) in paragraph at lines 2395--2395
[][]\TU/AdobeTextPro(0)/b/n/10 Tes-ti-mo-nia:[]
 []


Overfull \hbox (29.65561pt too wide) in paragraph at lines 2395--2395
\TU/AdobeTextPro(0)/m/it/10 pādāṅguṣṭhaṃ savyenoru-jaṅghena parig
ṛhyādṛśyaṃ kṛtvā tathā savyaṃ pādāṅguṣṭhuṃ dakṣiṇeno
ru-
 []


Overfull \hbox (15.82275pt too wide) in paragraph at lines 2395--2395
\TU/AdobeTextPro(0)/m/it/10 jaṅk-genādṛśyaṃ par-i-hṛhya yathā ca p
ārṣṇib-hyāṃ vṛṣaṇayor apīḍanaṃ tathā yenāste tat svastikam
 []

[12]
Underfull \hbox (badness 10000) in paragraph at lines 2395--2395
[][]\TU/AdobeTextPro(0)/b/n/10 Sources:[]
 []


Underfull \hbox (badness 10000) in paragraph at lines 2395--2395
[][]\TU/AdobeTextPro(0)/b/n/10 Tes-ti-mo-nia:[]
 []


Overfull \hbox (11.39938pt too wide) in paragraph at lines 2395--2395
[][]\TU/AdobeTextPro(0)/b/n/10 Comm.:[] \TU/AdobeTextPro(0)/m/n/10 This pos-ture
 first ap-pears in some Vaiṣṇava \TU/AdobeTextPro(0)/m/it/10 Saṃhitā\TU/
AdobeTextPro(0)/m/n/10 s that pre-date the \TU/AdobeTextPro(0)/m/it/10 Haṭhapr
adīpikā\TU/AdobeTextPro(0)/m/n/10 ,
 []

[13]
Underfull \hbox (badness 10000) in paragraph at lines 2395--2395
[][]\TU/AdobeTextPro(0)/b/n/10 Sources:[]
 []


Underfull \hbox (badness 10000) in paragraph at lines 2395--2395
[][]\TU/AdobeTextPro(0)/b/n/10 Tes-ti-mo-nia:[]
 []


Underfull \vbox (badness 10000) has occurred while \output is active []

 [14]
Underfull \hbox (badness 10000) in paragraph at lines 2395--2395
[][]\TU/AdobeTextPro(0)/b/n/10 Sources:[]
 []


Underfull \hbox (badness 10000) in paragraph at lines 2395--2395
[][]\TU/AdobeTextPro(0)/b/n/10 Tes-ti-mo-nia:[]
 []


Overfull \hbox (8.4284pt too wide) in paragraph at lines 2395--2395
\TU/AdobeTextPro(0)/m/n/10 The source, the \TU/AdobeTextPro(0)/m/it/10 Vasiṣ
ṭhasaṃhitā\TU/AdobeTextPro(0)/m/n/10 , sup-ports \TU/AdobeTextPro(0)/m/it/
10 nirud-hya \TU/AdobeTextPro(0)/m/n/10 whereas the tes-ti-mo-nia sup-ports \TU
/AdobeTextPro(0)/m/it/10 niyamya\TU/AdobeTextPro(0)/m/n/10 .
 []


Underfull \hbox (badness 10000) in paragraph at lines 2395--2395
[][]\TU/AdobeTextPro(0)/b/n/10 Sources:[]
 []

[15]
Underfull \hbox (badness 10000) in paragraph at lines 2395--2395
[][]\TU/AdobeTextPro(0)/b/n/10 Tes-ti-mo-nia:[]
 []


Underfull \hbox (badness 10000) in paragraph at lines 2395--2395
[][]\TU/AdobeTextPro(0)/b/n/10 Tes-ti-mo-nia:[]
 []


Underfull \vbox (badness 10000) has occurred while \output is active []

 [16]
Underfull \hbox (badness 10000) in paragraph at lines 2395--2395
[][]\TU/AdobeTextPro(0)/b/n/10 Tes-ti-mo-nia:[]
 []


Underfull \hbox (badness 10000) in paragraph at lines 2395--2395
[][]\TU/AdobeTextPro(0)/b/n/10 Tes-ti-mo-nia:[]
 []

[17]
Underfull \hbox (badness 10000) in paragraph at lines 2395--2395
[][]\TU/AdobeTextPro(0)/b/n/10 Tes-ti-mo-nia:[]
 []

[18]
Underfull \hbox (badness 10000) in paragraph at lines 2395--2395
[][]\TU/AdobeTextPro(0)/b/n/10 Sources:[]
 []


Underfull \hbox (badness 10000) in paragraph at lines 2395--2395
[][]\TU/AdobeTextPro(0)/b/n/10 Tes-ti-mo-nia:[]
 []


Underfull \hbox (badness 10000) in paragraph at lines 2395--2395
[][]\TU/AdobeTextPro(0)/b/n/10 Sources:[]
 []


Underfull \hbox (badness 10000) in paragraph at lines 2395--2395
[][]\TU/AdobeTextPro(0)/b/n/10 Tes-ti-mo-nia:[]
 []


Underfull \vbox (badness 1946) has occurred while \output is active []

 [19]
Underfull \hbox (badness 10000) in paragraph at lines 2395--2395
[][]\TU/AdobeTextPro(0)/b/n/10 Sources:[]
 []


Underfull \hbox (badness 10000) in paragraph at lines 2395--2395
[][]\TU/AdobeTextPro(0)/b/n/10 Tes-ti-mo-nia:[]
 []

[20]
Underfull \hbox (badness 10000) in paragraph at lines 2395--2395
[][]\TU/AdobeTextPro(0)/b/n/10 Tes-ti-mo-nia:[]
 []


Underfull \hbox (badness 10000) in paragraph at lines 2395--2395
[][]\TU/AdobeTextPro(0)/b/n/10 Sources:[]
 []


Underfull \hbox (badness 10000) in paragraph at lines 2395--2395
[][]\TU/AdobeTextPro(0)/b/n/10 Tes-ti-mo-nia:[]
 []

[21]
Underfull \hbox (badness 10000) in paragraph at lines 2395--2395
[][]\TU/AdobeTextPro(0)/b/n/10 Sources:[]
 []


Underfull \hbox (badness 10000) in paragraph at lines 2395--2395
[][]\TU/AdobeTextPro(0)/b/n/10 Tes-ti-mo-nia:[]
 []


Underfull \vbox (badness 1946) has occurred while \output is active []

 [22]
Underfull \hbox (badness 10000) in paragraph at lines 2395--2395
[][]\TU/AdobeTextPro(0)/b/n/10 Sources:[]
 []


Underfull \hbox (badness 10000) in paragraph at lines 2395--2395
[][]\TU/AdobeTextPro(0)/b/n/10 Tes-ti-mo-nia:[]
 []

[23]
Underfull \hbox (badness 10000) in paragraph at lines 2395--2395
[][]\TU/AdobeTextPro(0)/b/n/10 Sources:[]
 []


Underfull \hbox (badness 10000) in paragraph at lines 2395--2395
[][]\TU/AdobeTextPro(0)/b/n/10 Tes-ti-mo-nia:[]
 []


Underfull \hbox (badness 10000) in paragraph at lines 2395--2395
[][]\TU/AdobeTextPro(0)/b/n/10 Sources:[]
 []


Underfull \hbox (badness 10000) in paragraph at lines 2395--2395
[][]\TU/AdobeTextPro(0)/b/n/10 Tes-ti-mo-nia:[]
 []

[24]
Underfull \hbox (badness 10000) in paragraph at lines 2395--2395
[][]\TU/AdobeTextPro(0)/b/n/10 Sources:[]
 []


Underfull \hbox (badness 10000) in paragraph at lines 2395--2395
[][]\TU/AdobeTextPro(0)/b/n/10 Tes-ti-mo-nia:[]
 []


Underfull \hbox (badness 10000) in paragraph at lines 2395--2395
[][]\TU/AdobeTextPro(0)/b/n/10 Sources:[]
 []

[25]
Underfull \hbox (badness 10000) in paragraph at lines 2395--2395
[][]\TU/AdobeTextPro(0)/b/n/10 Tes-ti-mo-nia:[]
 []


Underfull \hbox (badness 10000) in paragraph at lines 2395--2395
[][]\TU/AdobeTextPro(0)/b/n/10 Sources:[]
 []


Underfull \hbox (badness 10000) in paragraph at lines 2395--2395

 []


Underfull \hbox (badness 10000) in paragraph at lines 2395--2395
[][]\TU/AdobeTextPro(0)/b/n/10 Tes-ti-mo-nia:[]
 []

[26]
Overfull \hbox (1.78033pt too wide) in paragraph at lines 2395--2395
[]\TU/AdobeTextPro(0)/b/n/10 Transl.:[] \TU/AdobeTextPro(0)/m/n/10 By med-i-tat-
ing upon the self, re-strict-ing the diet and reg-u-larly prac-tis-ing Sid-dh
āsana
 []


Underfull \hbox (badness 10000) in paragraph at lines 2395--2395
[][]\TU/AdobeTextPro(0)/b/n/10 Sources:[]
 []


Underfull \hbox (badness 10000) in paragraph at lines 2395--2395
[][]\TU/AdobeTextPro(0)/b/n/10 Tes-ti-mo-nia:[]
 []


Underfull \vbox (badness 10000) has occurred while \output is active []

 [27]
Underfull \hbox (badness 10000) in paragraph at lines 2395--2395
[][]\TU/AdobeTextPro(0)/b/n/10 Sources:[]
 []


Underfull \hbox (badness 10000) in paragraph at lines 2395--2395

 []


Underfull \hbox (badness 10000) in paragraph at lines 2395--2395
[][]\TU/AdobeTextPro(0)/b/n/10 Tes-ti-mo-nia:[]
 []


Underfull \hbox (badness 10000) in paragraph at lines 2395--2395
[][]\TU/AdobeTextPro(0)/b/n/10 Sources:[]
 []


Underfull \hbox (badness 10000) in paragraph at lines 2395--2395
[][]\TU/AdobeTextPro(0)/b/n/10 Tes-ti-mo-nia:[]
 []


Underfull \hbox (badness 10000) in paragraph at lines 2395--2395
[][]\TU/AdobeTextPro(0)/b/n/10 Sources:[]
 []


Underfull \hbox (badness 10000) in paragraph at lines 2395--2395
[][]\TU/AdobeTextPro(0)/b/n/10 Tes-ti-mo-nia:[]
 []

[28]
Underfull \hbox (badness 10000) in paragraph at lines 2395--2395
[][]\TU/AdobeTextPro(0)/b/n/10 Sources:[]
 []


Underfull \hbox (badness 10000) in paragraph at lines 2395--2395
[][]\TU/AdobeTextPro(0)/b/n/10 Tes-ti-mo-nia:[]
 []

LaTeX Font Info:    Font shape `TU/AdobeTextPro(0)/m/n' will be
(Font)              scaled to size 6.29996pt on input line 2395.
LaTeX Font Info:    Font shape `TU/AdobeTextPro(0)/m/n' will be
(Font)              scaled to size 4.49997pt on input line 2395.
LaTeX Font Info:    External font `cmex10' loaded for size
(Font)              <7> on input line 2395.
LaTeX Font Info:    External font `cmex10' loaded for size
(Font)              <5> on input line 2395.
LaTeX Font Info:    Font shape `TU/AdobeTextPro(0)/m/n' will be
(Font)              scaled to size 5.39996pt on input line 2395.
LaTeX Font Info:    External font `cmex10' loaded for size
(Font)              <8> on input line 2395.
LaTeX Font Info:    External font `cmex10' loaded for size
(Font)              <6> on input line 2395.

Underfull \vbox (badness 10000) has occurred while \output is active []

 [29]
Underfull \hbox (badness 10000) in paragraph at lines 2395--2395
[][]\TU/AdobeTextPro(0)/b/n/10 Sources:[]
 []


Underfull \hbox (badness 10000) in paragraph at lines 2395--2395
[][]\TU/AdobeTextPro(0)/b/n/10 Tes-ti-mo-nia:[]
 []


Overfull \hbox (5.3184pt too wide) in paragraph at lines 2395--2395
[][]\TU/AdobeTextPro(0)/b/n/10 Comm.:[] \TU/AdobeTextPro(0)/m/it/10 ut-tab-hya 
\TU/AdobeTextPro(0)/m/n/10 vs \TU/AdobeTextPro(0)/m/it/10 ut-tamb-hya\TU/AdobeT
extPro(0)/m/n/10 . The wit-nesses split pre-dictably along the two main branches

 []

[30]
Underfull \vbox (badness 1005) has occurred while \output is active []

 [31]
Overfull \hbox (6.69304pt too wide) in paragraph at lines 2395--2395
[]\TU/AdobeTextPro(0)/m/it/10 rā-jadan-tānāṃ daṃṣṭrāṇāṃ savyada
kṣiṇab-hāge sthitānāṃ mūle ubhe mūlasthāne
 []


Underfull \hbox (badness 10000) in paragraph at lines 2395--2395
[][]\TU/AdobeTextPro(0)/b/n/10 Sources:[]
 []

[32]
Underfull \hbox (badness 10000) in paragraph at lines 2395--2395
[][]\TU/AdobeTextPro(0)/b/n/10 Tes-ti-mo-nia:[]
 []


Underfull \hbox (badness 10000) in paragraph at lines 2395--2395
[][]\TU/AdobeTextPro(0)/b/n/10 Sources:[]
 []


Underfull \hbox (badness 10000) in paragraph at lines 2395--2395
[][]\TU/AdobeTextPro(0)/b/n/10 Tes-ti-mo-nia:[]
 []

[33]
Overfull \hbox (18.2054pt too wide) in paragraph at lines 2395--2395
\TU/AdobeTextPro(0)/m/n/10 syen-dra. How-ever, in the ex-tended re-cen-sion of 
it known as the \TU/AdobeTextPro(0)/m/it/10 Gorakṣaśataka\TU/AdobeTextPro(0)
/m/n/10 , \TU/AdobeTextPro(0)/m/it/10 Gorakṣasaṃhitā\TU/AdobeTextPro(0)/m/
n/10 ,
 []


Underfull \hbox (badness 10000) in paragraph at lines 2395--2395
[][]\TU/AdobeTextPro(0)/b/n/10 Sources:[]
 []


Underfull \hbox (badness 10000) in paragraph at lines 2395--2395
[][]\TU/AdobeTextPro(0)/b/n/10 Tes-ti-mo-nia:[]
 []


Underfull \vbox (badness 1946) has occurred while \output is active []

 [34]
Underfull \hbox (badness 10000) in paragraph at lines 2395--2395
[][]\TU/AdobeTextPro(0)/b/n/10 Sources:[]
 []


Underfull \hbox (badness 10000) in paragraph at lines 2395--2395
[][]\TU/AdobeTextPro(0)/b/n/10 Tes-ti-mo-nia:[]
 []


Overfull \hbox (8.61848pt too wide) in paragraph at lines 2395--2395
[]\TU/AdobeTextPro(0)/m/n/10 [Note: The Yo-gac-in-tā-maṇi at-tributes its ci-
ta-tion of verses on siṃhāsana to the Yo-gayājñavalkya
 []

[35]
Overfull \hbox (56.18048pt too wide) in paragraph at lines 2395--2395
\TU/AdobeTextPro(0)/m/n/10 berg, 1998, Ac-ces-sion Num-ber: 2000.284.4. https://
www.met-mu-seum.org/art/col-lec-tion/search/39251).
 []


Underfull \hbox (badness 10000) in paragraph at lines 2395--2395

 []


Overfull \hbox (2.52722pt too wide) in paragraph at lines 2395--2395
[][]\TU/AdobeTextPro(0)/b/n/10 Comm.:[] \TU/AdobeTextPro(0)/m/n/10 We have un-de
r-stood \TU/AdobeTextPro(0)/m/it/10 pārś-vapāda \TU/AdobeTextPro(0)/m/n/10 (i
.e., side of the foot) like the com-pound \TU/AdobeTextPro(0)/m/it/10 agrapāda
 []


Underfull \hbox (badness 10000) in paragraph at lines 2395--2395
[][]\TU/AdobeTextPro(0)/b/n/10 Sources:[]
 []


Underfull \hbox (badness 10000) in paragraph at lines 2395--2395
[][]\TU/AdobeTextPro(0)/b/n/10 Tes-ti-mo-nia:[]
 []

[36]
Underfull \hbox (badness 10000) in paragraph at lines 2395--2395
[][]\TU/AdobeTextPro(0)/b/n/10 Sources:[]
 []


Underfull \hbox (badness 10000) in paragraph at lines 2395--2395

 []


Underfull \hbox (badness 10000) in paragraph at lines 2395--2395
[][]\TU/AdobeTextPro(0)/b/n/10 Tes-ti-mo-nia:[]
 []


Underfull \vbox (badness 10000) has occurred while \output is active []

 [37]
Underfull \hbox (badness 10000) in paragraph at lines 2395--2395
[][]\TU/AdobeTextPro(0)/b/n/10 Sources:[]
 []


Underfull \hbox (badness 10000) in paragraph at lines 2395--2395
[][]\TU/AdobeTextPro(0)/b/n/10 Tes-ti-mo-nia:[]
 []


Underfull \hbox (badness 10000) in paragraph at lines 2395--2395

 []


Underfull \hbox (badness 10000) in paragraph at lines 2395--2395
[][]\TU/AdobeTextPro(0)/b/n/10 Tes-ti-mo-nia:[]
 []


Overfull \hbox (4.20912pt too wide) in paragraph at lines 2395--2395
[]\TU/AdobeTextPro(0)/m/it/10 “śiśn-odararatāyai-tan na deya” etat yo-ga-
jñā-nam etena śiśn-odararatas tyājyo nanv
 []

[38]
Underfull \hbox (badness 10000) in paragraph at lines 2395--2395
[][]\TU/AdobeTextPro(0)/b/n/10 Sources:[]
 []


Underfull \hbox (badness 10000) in paragraph at lines 2395--2395

 []


Underfull \hbox (badness 10000) in paragraph at lines 2395--2395
[][]\TU/AdobeTextPro(0)/b/n/10 Tes-ti-mo-nia:[]
 []

[39]
Underfull \hbox (badness 10000) in paragraph at lines 2395--2395
[][]\TU/AdobeTextPro(0)/b/n/10 Sources:[]
 []


Underfull \hbox (badness 10000) in paragraph at lines 2395--2395

 []


Underfull \hbox (badness 10000) in paragraph at lines 2395--2395
[][]\TU/AdobeTextPro(0)/b/n/10 Tes-ti-mo-nia:[]
 []


Overfull \hbox (5.24802pt too wide) in paragraph at lines 2395--2395
[]\TU/AdobeTextPro(0)/m/n/10 It seems that the four aṅ-gas of Haṭhayoga are be-ing re-ferred to in the sin-gu-lar (hence \TU/AdobeTextPro(0)/m/it/10 
āsanaṃ\TU/AdobeTextPro(0)/m/n/10 ),
 []


Underfull \hbox (badness 10000) in paragraph at lines 2395--2395
[][]\TU/AdobeTextPro(0)/b/n/10 Sources:[]
 []

[40]
Underfull \hbox (badness 10000) in paragraph at lines 2395--2395
[][]\TU/AdobeTextPro(0)/b/n/10 Tes-ti-mo-nia:[]
 []


Underfull \hbox (badness 10000) in paragraph at lines 2395--2395
[][]\TU/AdobeTextPro(0)/b/n/10 Sources:[]
 []


Underfull \hbox (badness 10000) in paragraph at lines 2395--2395
[][]\TU/AdobeTextPro(0)/b/n/10 Tes-ti-mo-nia:[]
 []

[41]
Underfull \hbox (badness 10000) in paragraph at lines 2395--2395
[][]\TU/AdobeTextPro(0)/b/n/10 Sources:[]
 []


Underfull \hbox (badness 10000) in paragraph at lines 2395--2395

 []


Underfull \hbox (badness 10000) in paragraph at lines 2395--2395
[][]\TU/AdobeTextPro(0)/b/n/10 Tes-ti-mo-nia:[]
 []


Underfull \vbox (badness 10000) has occurred while \output is active []

 [42]
Overfull \hbox (2.7206pt too wide) in paragraph at lines 2395--2395
[]\TU/AdobeTextPro(0)/m/n/10 ‘Roots of trivṛt etc., the first group (\TU/Ad
obeTextPro(0)/m/it/10 vidāri-g-and-hādi\TU/AdobeTextPro(0)/m/n/10 ), \TU/Adob
eTextPro(0)/m/it/10 ma-hat pañ-camūla\TU/AdobeTextPro(0)/m/n/10 , \TU/AdobeTe
xtPro(0)/m/it/10 mūrvā
 []


Overfull \hbox (2.18315pt too wide) in paragraph at lines 2395--2395
\TU/AdobeTextPro(0)/m/n/10 other is pow-dered; now, crushed bar-ley grains are 
im-preg-nated with the above
 []

[43]
Overfull \hbox (1.16643pt too wide) in paragraph at lines 2395--2395
[]\TU/AdobeTextPro(0)/m/it/10 hiṅgu\TU/AdobeTextPro(0)/m/n/10 : Asafoetida (Na
d-karni 1926: pp 360–361): ‘If long con-tin-ued even in mod-er-ate doses,
 []


Underfull \hbox (badness 10000) in paragraph at lines 2395--2395
[][]\TU/AdobeTextPro(0)/b/n/10 Sources:[]
 []


Underfull \hbox (badness 10000) in paragraph at lines 2395--2395

 []


Underfull \hbox (badness 10000) in paragraph at lines 2395--2395
[][]\TU/AdobeTextPro(0)/b/n/10 Tes-ti-mo-nia:[]
 []


Underfull \vbox (badness 1946) has occurred while \output is active []

 [44]
Underfull \hbox (badness 10000) in paragraph at lines 2395--2395
[][]\TU/AdobeTextPro(0)/b/n/10 Sources:[]
 []


Underfull \hbox (badness 10000) in paragraph at lines 2395--2395
[][]\TU/AdobeTextPro(0)/b/n/10 Tes-ti-mo-nia:[]
 []


Underfull \hbox (badness 10000) in paragraph at lines 2395--2395
[][]\TU/AdobeTextPro(0)/b/n/10 Sources:[]
 []


Underfull \hbox (badness 10000) in paragraph at lines 2395--2395

 []


Underfull \hbox (badness 10000) in paragraph at lines 2395--2395
[][]\TU/AdobeTextPro(0)/b/n/10 Tes-ti-mo-nia:[]
 []

[45] [46]
Underfull \hbox (badness 10000) in paragraph at lines 2395--2395
[][]\TU/AdobeTextPro(0)/b/n/10 Sources:[]
 []


Underfull \hbox (badness 10000) in paragraph at lines 2395--2395

 []


Underfull \hbox (badness 10000) in paragraph at lines 2395--2395
[][]\TU/AdobeTextPro(0)/b/n/10 Tes-ti-mo-nia:[]
 []

[47]
Underfull \hbox (badness 10000) in paragraph at lines 2395--2395
[][]\TU/AdobeTextPro(0)/b/n/10 Sources:[]
 []


Underfull \hbox (badness 10000) in paragraph at lines 2395--2395
[][]\TU/AdobeTextPro(0)/b/n/10 Tes-ti-mo-nia:[]
 []


Underfull \hbox (badness 10000) in paragraph at lines 2395--2395
[][]\TU/AdobeTextPro(0)/b/n/10 Sources:[]
 []


Underfull \hbox (badness 10000) in paragraph at lines 2395--2395

 []


Underfull \hbox (badness 10000) in paragraph at lines 2395--2395
[][]\TU/AdobeTextPro(0)/b/n/10 Tes-ti-mo-nia:[]
 []

[48] [49] (./HP1_TranslComm.aux))

Here is how much of LuaTeX's memory you used:
 12796 strings out of 477762
 100000,1648299 words of node,token memory allocated
 1228 words of node memory still in use:
   3 hlist, 1 vlist, 1 rule, 10 glue, 3 kern, 1 glyph, 24 attribute, 189 glue_sp
ec, 13 attribute_list, 2 write nodes
   avail lists: 1:1,2:999,3:250,4:152,5:2325,6:75,7:7001,8:2,9:427,10:12,11:408
 33108 multiletter control sequences out of 65536+600000
 59 fonts using 11198111 bytes
 78i,13n,99p,1545b,831s stack positions out of 5000i,500n,10000p,200000b,80000s
</usr/share/fonts/eigene/Adobe-Text-Pro-Italic_2047.ttf></usr/share/fonts/eigene
/Adobe-Text-Pro_2050.ttf></usr/share/fonts/eigene/Adobe-Text-Pro-Bold_2046.ttf>
Output written on HP1_TranslComm.pdf (49 pages, 162277 bytes).

PDF statistics: 179 PDF objects out of 1000 (max. 8388607)
 117 compressed objects within 2 object streams
 0 named destinations out of 1000 (max. 131072)
 1 words of extra memory for PDF output out of 10000 (max. 100000000)

